{"/home/travis/build/npmtest/node-npmtest-gitbook/test.js":{"path":"/home/travis/build/npmtest/node-npmtest-gitbook/test.js","s":{"1":2,"2":2,"3":2,"4":2,"5":2,"6":2,"7":2,"8":1,"9":2,"10":2,"11":1,"12":1,"13":1,"14":1,"15":2,"16":2,"17":2,"18":2,"19":1,"20":1,"21":2,"22":2,"23":2,"24":1,"25":1,"26":1,"27":1,"28":1,"29":1,"30":1,"31":1,"32":1,"33":1,"34":1,"35":1,"36":1,"37":1,"38":1,"39":2,"40":2,"41":1,"42":2,"43":2,"44":1,"45":2,"46":2,"47":1,"48":2,"49":2,"50":1,"51":1,"52":1,"53":1,"54":1},"b":{"1":[2,1,1,1],"2":[1,1,1,1],"3":[1,1],"4":[1,1],"5":[1,1],"6":[1,1],"7":[1,1],"8":[1,1],"9":[1,1],"10":[1,1,1],"11":[1,1],"12":[1,1],"13":[1,1],"14":[1,1],"15":[1,1],"16":[1,1],"17":[1,1]},"f":{"1":2,"2":2,"3":2,"4":2,"5":2,"6":1,"7":1,"8":1,"9":2,"10":2,"11":2,"12":2,"13":1},"fnMap":{"1":{"name":"(anonymous_1)","line":12,"loc":{"start":{"line":12,"column":1},"end":{"line":12,"column":13}}},"2":{"name":"(anonymous_2)","line":19,"loc":{"start":{"line":19,"column":5},"end":{"line":19,"column":17}}},"3":{"name":"(anonymous_3)","line":23,"loc":{"start":{"line":23,"column":24},"end":{"line":23,"column":36}}},"4":{"name":"(anonymous_4)","line":61,"loc":{"start":{"line":61,"column":5},"end":{"line":61,"column":17}}},"5":{"name":"(anonymous_5)","line":82,"loc":{"start":{"line":82,"column":5},"end":{"line":82,"column":17}}},"6":{"name":"(anonymous_6)","line":91,"loc":{"start":{"line":91,"column":77},"end":{"line":94,"column":10}}},"7":{"name":"(anonymous_7)","line":112,"loc":{"start":{"line":112,"column":83},"end":{"line":115,"column":10}},"skip":true},"8":{"name":"(anonymous_8)","line":123,"loc":{"start":{"line":123,"column":77},"end":{"line":126,"column":10}},"skip":true},"9":{"name":"(anonymous_9)","line":139,"loc":{"start":{"line":139,"column":12},"end":{"line":139,"column":40}},"skip":true},"10":{"name":"(anonymous_10)","line":147,"loc":{"start":{"line":147,"column":77},"end":{"line":150,"column":10}},"skip":true},"11":{"name":"(anonymous_11)","line":158,"loc":{"start":{"line":158,"column":83},"end":{"line":161,"column":10}},"skip":true},"12":{"name":"(anonymous_12)","line":169,"loc":{"start":{"line":169,"column":79},"end":{"line":172,"column":10}},"skip":true},"13":{"name":"(anonymous_13)","line":180,"loc":{"start":{"line":180,"column":75},"end":{"line":183,"column":10}},"skip":true}},"statementMap":{"1":{"start":{"line":12,"column":0},"end":{"line":195,"column":5}},"2":{"start":{"line":14,"column":4},"end":{"line":14,"column":14}},"3":{"start":{"line":19,"column":4},"end":{"line":56,"column":9}},"4":{"start":{"line":21,"column":8},"end":{"line":21,"column":19}},"5":{"start":{"line":23,"column":8},"end":{"line":35,"column":13}},"6":{"start":{"line":24,"column":12},"end":{"line":34,"column":13}},"7":{"start":{"line":25,"column":16},"end":{"line":28,"column":30}},"8":{"start":{"line":30,"column":16},"end":{"line":33,"column":27}},"9":{"start":{"line":37,"column":8},"end":{"line":39,"column":21}},"10":{"start":{"line":40,"column":8},"end":{"line":53,"column":9}},"11":{"start":{"line":43,"column":12},"end":{"line":46,"column":14}},"12":{"start":{"line":47,"column":12},"end":{"line":47,"column":18}},"13":{"start":{"line":50,"column":12},"end":{"line":51,"column":33}},"14":{"start":{"line":52,"column":12},"end":{"line":52,"column":18}},"15":{"start":{"line":55,"column":8},"end":{"line":55,"column":35}},"16":{"start":{"line":61,"column":4},"end":{"line":63,"column":9}},"17":{"start":{"line":62,"column":8},"end":{"line":62,"column":15}},"18":{"start":{"line":64,"column":4},"end":{"line":77,"column":5}},"19":{"start":{"line":70,"column":8},"end":{"line":70,"column":14}},"20":{"start":{"line":76,"column":8},"end":{"line":76,"column":14}},"21":{"start":{"line":82,"column":4},"end":{"line":84,"column":9}},"22":{"start":{"line":83,"column":8},"end":{"line":83,"column":15}},"23":{"start":{"line":85,"column":4},"end":{"line":194,"column":5}},"24":{"start":{"line":91,"column":8},"end":{"line":99,"column":10}},"25":{"start":{"line":98,"column":12},"end":{"line":98,"column":35}},"26":{"start":{"line":102,"column":8},"end":{"line":104,"column":63}},"27":{"start":{"line":105,"column":8},"end":{"line":105,"column":14}},"28":{"start":{"line":112,"column":8},"end":{"line":121,"column":10},"skip":true},"29":{"start":{"line":119,"column":12},"end":{"line":119,"column":55},"skip":true},"30":{"start":{"line":120,"column":12},"end":{"line":120,"column":48},"skip":true},"31":{"start":{"line":123,"column":8},"end":{"line":136,"column":10},"skip":true},"32":{"start":{"line":130,"column":12},"end":{"line":130,"column":76},"skip":true},"33":{"start":{"line":131,"column":12},"end":{"line":131,"column":73},"skip":true},"34":{"start":{"line":132,"column":12},"end":{"line":132,"column":74},"skip":true},"35":{"start":{"line":133,"column":12},"end":{"line":133,"column":79},"skip":true},"36":{"start":{"line":134,"column":12},"end":{"line":134,"column":25},"skip":true},"37":{"start":{"line":135,"column":12},"end":{"line":135,"column":45},"skip":true},"38":{"start":{"line":138,"column":8},"end":{"line":145,"column":14},"skip":true},"39":{"start":{"line":143,"column":16},"end":{"line":143,"column":29},"skip":true},"40":{"start":{"line":144,"column":16},"end":{"line":144,"column":55},"skip":true},"41":{"start":{"line":147,"column":8},"end":{"line":156,"column":10},"skip":true},"42":{"start":{"line":154,"column":12},"end":{"line":154,"column":25},"skip":true},"43":{"start":{"line":155,"column":12},"end":{"line":155,"column":45},"skip":true},"44":{"start":{"line":158,"column":8},"end":{"line":167,"column":10},"skip":true},"45":{"start":{"line":165,"column":12},"end":{"line":165,"column":25},"skip":true},"46":{"start":{"line":166,"column":12},"end":{"line":166,"column":48},"skip":true},"47":{"start":{"line":169,"column":8},"end":{"line":178,"column":10},"skip":true},"48":{"start":{"line":176,"column":12},"end":{"line":176,"column":25},"skip":true},"49":{"start":{"line":177,"column":12},"end":{"line":177,"column":46},"skip":true},"50":{"start":{"line":180,"column":8},"end":{"line":189,"column":10},"skip":true},"51":{"start":{"line":187,"column":12},"end":{"line":187,"column":94},"skip":true},"52":{"start":{"line":188,"column":12},"end":{"line":188,"column":48},"skip":true},"53":{"start":{"line":192,"column":8},"end":{"line":192,"column":35},"skip":true},"54":{"start":{"line":193,"column":8},"end":{"line":193,"column":14},"skip":true}},"branchMap":{"1":{"line":25,"type":"binary-expr","locations":[{"start":{"line":25,"column":23},"end":{"line":25,"column":62}},{"start":{"line":26,"column":20},"end":{"line":26,"column":70}},{"start":{"line":27,"column":20},"end":{"line":27,"column":71}},{"start":{"line":28,"column":20},"end":{"line":28,"column":29}}]},"2":{"line":30,"type":"binary-expr","locations":[{"start":{"line":30,"column":23},"end":{"line":30,"column":37}},{"start":{"line":31,"column":20},"end":{"line":31,"column":61}},{"start":{"line":32,"column":20},"end":{"line":32,"column":70}},{"start":{"line":33,"column":20},"end":{"line":33,"column":26}}]},"3":{"line":37,"type":"cond-expr","locations":[{"start":{"line":38,"column":14},"end":{"line":38,"column":20}},{"start":{"line":39,"column":14},"end":{"line":39,"column":20}}]},"4":{"line":40,"type":"switch","locations":[{"start":{"line":42,"column":8},"end":{"line":47,"column":18}},{"start":{"line":49,"column":8},"end":{"line":52,"column":18}}]},"5":{"line":44,"type":"binary-expr","locations":[{"start":{"line":44,"column":16},"end":{"line":44,"column":44}},{"start":{"line":44,"column":48},"end":{"line":44,"column":66}}]},"6":{"line":50,"type":"binary-expr","locations":[{"start":{"line":50,"column":21},"end":{"line":50,"column":49}},{"start":{"line":50,"column":53},"end":{"line":50,"column":72}}]},"7":{"line":64,"type":"switch","locations":[{"start":{"line":69,"column":4},"end":{"line":70,"column":14}},{"start":{"line":75,"column":4},"end":{"line":76,"column":14}}]},"8":{"line":85,"type":"switch","locations":[{"start":{"line":90,"column":4},"end":{"line":105,"column":14}},{"start":{"line":111,"column":4},"end":{"line":193,"column":14},"skip":true}]},"9":{"line":91,"type":"binary-expr","locations":[{"start":{"line":91,"column":42},"end":{"line":91,"column":73}},{"start":{"line":91,"column":77},"end":{"line":99,"column":9}}]},"10":{"line":102,"type":"binary-expr","locations":[{"start":{"line":102,"column":18},"end":{"line":102,"column":32}},{"start":{"line":103,"column":12},"end":{"line":103,"column":53}},{"start":{"line":104,"column":12},"end":{"line":104,"column":61}}]},"11":{"line":112,"type":"binary-expr","locations":[{"start":{"line":112,"column":45},"end":{"line":112,"column":79},"skip":true},{"start":{"line":112,"column":83},"end":{"line":121,"column":9},"skip":true}]},"12":{"line":123,"type":"binary-expr","locations":[{"start":{"line":123,"column":42},"end":{"line":123,"column":73},"skip":true},{"start":{"line":123,"column":77},"end":{"line":136,"column":9},"skip":true}]},"13":{"line":138,"type":"binary-expr","locations":[{"start":{"line":138,"column":48},"end":{"line":138,"column":85},"skip":true},{"start":{"line":139,"column":12},"end":{"line":145,"column":13},"skip":true}]},"14":{"line":147,"type":"binary-expr","locations":[{"start":{"line":147,"column":42},"end":{"line":147,"column":73},"skip":true},{"start":{"line":147,"column":77},"end":{"line":156,"column":9},"skip":true}]},"15":{"line":158,"type":"binary-expr","locations":[{"start":{"line":158,"column":45},"end":{"line":158,"column":79},"skip":true},{"start":{"line":158,"column":83},"end":{"line":167,"column":9},"skip":true}]},"16":{"line":169,"type":"binary-expr","locations":[{"start":{"line":169,"column":43},"end":{"line":169,"column":75},"skip":true},{"start":{"line":169,"column":79},"end":{"line":178,"column":9},"skip":true}]},"17":{"line":180,"type":"binary-expr","locations":[{"start":{"line":180,"column":41},"end":{"line":180,"column":71},"skip":true},{"start":{"line":180,"column":75},"end":{"line":189,"column":9},"skip":true}]}},"code":["/* istanbul instrument in package npmtest_gitbook */","/*jslint","    bitwise: true,","    browser: true,","    maxerr: 8,","    maxlen: 96,","    node: true,","    nomen: true,","    regexp: true,","    stupid: true","*/","(function () {","    'use strict';","    var local;","","","","    // run shared js-env code - init-before","    (function () {","        // init local","        local = {};","        // init modeJs","        local.modeJs = (function () {","            try {","                return typeof navigator.userAgent === 'string' &&","                    typeof document.querySelector('body') === 'object' &&","                    typeof XMLHttpRequest.prototype.open === 'function' &&","                    'browser';","            } catch (errorCaughtBrowser) {","                return module.exports &&","                    typeof process.versions.node === 'string' &&","                    typeof require('http').createServer === 'function' &&","                    'node';","            }","        }());","        // init global","        local.global = local.modeJs === 'browser'","            ? window","            : global;","        switch (local.modeJs) {","        // re-init local from window.local","        case 'browser':","            local = local.global.utility2.objectSetDefault(","                local.global.utility2_rollup || local.global.local,","                local.global.utility2","            );","            break;","        // re-init local from example.js","        case 'node':","            local = (local.global.utility2_rollup || require('utility2'))","                .requireReadme();","            break;","        }","        // export local","        local.global.local = local;","    }());","","","","    // run shared js-env code - function","    (function () {","        return;","    }());","    switch (local.modeJs) {","","","","    // run browser js-env code - function","    case 'browser':","        break;","","","","    // run node js-env code - function","    case 'node':","        break;","    }","","","","    // run shared js-env code - init-after","    (function () {","        return;","    }());","    switch (local.modeJs) {","","","","    // run browser js-env code - init-after","    case 'browser':","        local.testCase_browser_nullCase = local.testCase_browser_nullCase || function (","            options,","            onError","        ) {","        /*","         * this function will test browsers's null-case handling-behavior-behavior","         */","            onError(null, options);","        };","","        // run tests","        local.nop(local.modeTest &&","            document.querySelector('#testRunButton1') &&","            document.querySelector('#testRunButton1').click());","        break;","","","","    // run node js-env code - init-after","    /* istanbul ignore next */","    case 'node':","        local.testCase_buildApidoc_default = local.testCase_buildApidoc_default || function (","            options,","            onError","        ) {","        /*","         * this function will test buildApidoc's default handling-behavior-behavior","         */","            options = { modulePathList: module.paths };","            local.buildApidoc(options, onError);","        };","","        local.testCase_buildApp_default = local.testCase_buildApp_default || function (","            options,","            onError","        ) {","        /*","         * this function will test buildApp's default handling-behavior-behavior","         */","            local.testCase_buildReadme_default(options, local.onErrorThrow);","            local.testCase_buildLib_default(options, local.onErrorThrow);","            local.testCase_buildTest_default(options, local.onErrorThrow);","            local.testCase_buildCustomOrg_default(options, local.onErrorThrow);","            options = [];","            local.buildApp(options, onError);","        };","","        local.testCase_buildCustomOrg_default = local.testCase_buildCustomOrg_default ||","            function (options, onError) {","            /*","             * this function will test buildCustomOrg's default handling-behavior","             */","                options = {};","                local.buildCustomOrg(options, onError);","            };","","        local.testCase_buildLib_default = local.testCase_buildLib_default || function (","            options,","            onError","        ) {","        /*","         * this function will test buildLib's default handling-behavior","         */","            options = {};","            local.buildLib(options, onError);","        };","","        local.testCase_buildReadme_default = local.testCase_buildReadme_default || function (","            options,","            onError","        ) {","        /*","         * this function will test buildReadme's default handling-behavior-behavior","         */","            options = {};","            local.buildReadme(options, onError);","        };","","        local.testCase_buildTest_default = local.testCase_buildTest_default || function (","            options,","            onError","        ) {","        /*","         * this function will test buildTest's default handling-behavior","         */","            options = {};","            local.buildTest(options, onError);","        };","","        local.testCase_webpage_default = local.testCase_webpage_default || function (","            options,","            onError","        ) {","        /*","         * this function will test webpage's default handling-behavior","         */","            options = { modeCoverageMerge: true, url: local.serverLocalHost + '?modeTest=1' };","            local.browserTest(options, onError);","        };","","        // run test-server","        local.testRunServer(local);","        break;","    }","}());",""],"l":{"12":2,"14":2,"19":2,"21":2,"23":2,"24":2,"25":2,"30":1,"37":2,"40":2,"43":1,"47":1,"50":1,"52":1,"55":2,"61":2,"62":2,"64":2,"70":1,"76":1,"82":2,"83":2,"85":2,"91":1,"98":1,"102":1,"105":1,"112":1,"119":1,"120":1,"123":1,"130":1,"131":1,"132":1,"133":1,"134":1,"135":1,"138":1,"143":2,"144":2,"147":1,"154":2,"155":2,"158":1,"165":2,"166":2,"169":1,"176":2,"177":2,"180":1,"187":1,"188":1,"192":1,"193":1}},"/home/travis/build/npmtest/node-npmtest-gitbook/lib.npmtest_gitbook.js":{"path":"/home/travis/build/npmtest/node-npmtest-gitbook/lib.npmtest_gitbook.js","s":{"1":2,"2":2,"3":2,"4":2,"5":2,"6":2,"7":2,"8":1,"9":2,"10":2,"11":2,"12":2,"13":1,"14":1,"15":1,"16":1},"b":{"1":[2,1,1,1],"2":[1,1,1,1],"3":[1,1],"4":[2,2],"5":[1,1]},"f":{"1":2,"2":2,"3":2},"fnMap":{"1":{"name":"(anonymous_1)","line":12,"loc":{"start":{"line":12,"column":1},"end":{"line":12,"column":13}}},"2":{"name":"(anonymous_2)","line":19,"loc":{"start":{"line":19,"column":5},"end":{"line":19,"column":17}}},"3":{"name":"(anonymous_3)","line":23,"loc":{"start":{"line":23,"column":24},"end":{"line":23,"column":36}}}},"statementMap":{"1":{"start":{"line":12,"column":0},"end":{"line":53,"column":5}},"2":{"start":{"line":14,"column":4},"end":{"line":14,"column":14}},"3":{"start":{"line":19,"column":4},"end":{"line":52,"column":9}},"4":{"start":{"line":21,"column":8},"end":{"line":21,"column":19}},"5":{"start":{"line":23,"column":8},"end":{"line":35,"column":13}},"6":{"start":{"line":24,"column":12},"end":{"line":34,"column":13}},"7":{"start":{"line":25,"column":16},"end":{"line":28,"column":30}},"8":{"start":{"line":30,"column":16},"end":{"line":33,"column":27}},"9":{"start":{"line":37,"column":8},"end":{"line":39,"column":21}},"10":{"start":{"line":41,"column":8},"end":{"line":41,"column":54}},"11":{"start":{"line":43,"column":8},"end":{"line":43,"column":52}},"12":{"start":{"line":45,"column":8},"end":{"line":51,"column":9}},"13":{"start":{"line":46,"column":12},"end":{"line":46,"column":58}},"14":{"start":{"line":48,"column":12},"end":{"line":48,"column":35}},"15":{"start":{"line":49,"column":12},"end":{"line":49,"column":49}},"16":{"start":{"line":50,"column":12},"end":{"line":50,"column":43}}},"branchMap":{"1":{"line":25,"type":"binary-expr","locations":[{"start":{"line":25,"column":23},"end":{"line":25,"column":62}},{"start":{"line":26,"column":20},"end":{"line":26,"column":70}},{"start":{"line":27,"column":20},"end":{"line":27,"column":71}},{"start":{"line":28,"column":20},"end":{"line":28,"column":29}}]},"2":{"line":30,"type":"binary-expr","locations":[{"start":{"line":30,"column":23},"end":{"line":30,"column":37}},{"start":{"line":31,"column":20},"end":{"line":31,"column":61}},{"start":{"line":32,"column":20},"end":{"line":32,"column":70}},{"start":{"line":33,"column":20},"end":{"line":33,"column":26}}]},"3":{"line":37,"type":"cond-expr","locations":[{"start":{"line":38,"column":14},"end":{"line":38,"column":20}},{"start":{"line":39,"column":14},"end":{"line":39,"column":20}}]},"4":{"line":41,"type":"binary-expr","locations":[{"start":{"line":41,"column":16},"end":{"line":41,"column":44}},{"start":{"line":41,"column":48},"end":{"line":41,"column":53}}]},"5":{"line":45,"type":"if","locations":[{"start":{"line":45,"column":8},"end":{"line":45,"column":8}},{"start":{"line":45,"column":8},"end":{"line":45,"column":8}}]}},"code":["/* istanbul instrument in package npmtest_gitbook */","/*jslint","    bitwise: true,","    browser: true,","    maxerr: 8,","    maxlen: 96,","    node: true,","    nomen: true,","    regexp: true,","    stupid: true","*/","(function () {","    'use strict';","    var local;","","","","    // run shared js-env code - init-before","    (function () {","        // init local","        local = {};","        // init modeJs","        local.modeJs = (function () {","            try {","                return typeof navigator.userAgent === 'string' &&","                    typeof document.querySelector('body') === 'object' &&","                    typeof XMLHttpRequest.prototype.open === 'function' &&","                    'browser';","            } catch (errorCaughtBrowser) {","                return module.exports &&","                    typeof process.versions.node === 'string' &&","                    typeof require('http').createServer === 'function' &&","                    'node';","            }","        }());","        // init global","        local.global = local.modeJs === 'browser'","            ? window","            : global;","        // init utility2_rollup","        local = local.global.utility2_rollup || local;","        // init lib","        local.local = local.npmtest_gitbook = local;","        // init exports","        if (local.modeJs === 'browser') {","            local.global.utility2_npmtest_gitbook = local;","        } else {","            module.exports = local;","            module.exports.__dirname = __dirname;","            module.exports.module = module;","        }","    }());","}());",""],"l":{"12":2,"14":2,"19":2,"21":2,"23":2,"24":2,"25":2,"30":1,"37":2,"41":2,"43":2,"45":2,"46":1,"48":1,"49":1,"50":1}},"/home/travis/build/npmtest/node-npmtest-gitbook/example.js":{"path":"/home/travis/build/npmtest/node-npmtest-gitbook/example.js","s":{"1":2,"2":2,"3":2,"4":2,"5":2,"6":2,"7":2,"8":1,"9":2,"10":2,"11":2,"12":2,"13":1,"14":2,"15":2,"16":2,"17":2,"18":2,"19":0,"20":2,"21":1,"22":1,"23":1,"24":1,"25":1,"26":0,"27":0,"28":1,"29":1,"30":2,"31":0,"32":0,"33":0,"34":1,"35":2,"36":2,"37":3,"38":3,"39":3,"40":3,"41":0,"42":3,"43":3,"44":3,"45":1,"46":3,"47":1,"48":1,"49":1,"50":1,"51":1,"52":1,"53":1,"54":1,"55":1,"56":1,"57":0,"58":1,"59":6,"60":6,"61":1,"62":2,"63":0,"64":2,"65":1,"66":1,"67":0,"68":0,"69":0,"70":0,"71":0,"72":0,"73":0,"74":0,"75":0,"76":0,"77":0,"78":0,"79":0,"80":0,"81":0,"82":0,"83":0},"b":{"1":[2,1,1,1],"2":[1,1,1,1],"3":[1,1],"4":[2,2],"5":[1,1],"6":[1,1],"7":[2,0],"8":[2,1,1,1,1,1],"9":[0,2,0],"10":[1,1],"11":[2,1,1],"12":[1,0],"13":[0,2],"14":[2,0,0,0,0,0,0],"15":[0,3],"16":[3,0],"17":[1,1],"18":[0,1],"19":[1,2,0,2],"20":[1,0],"21":[1,1],"22":[0,0],"23":[0,0],"24":[0,0],"25":[0,0],"26":[0,0],"27":[0,0],"28":[0,0]},"f":{"1":2,"2":2,"3":2,"4":2,"5":2,"6":2,"7":3,"8":3,"9":3,"10":1,"11":6,"12":0},"fnMap":{"1":{"name":"(anonymous_1)","line":26,"loc":{"start":{"line":26,"column":1},"end":{"line":26,"column":13}}},"2":{"name":"(anonymous_2)","line":33,"loc":{"start":{"line":33,"column":5},"end":{"line":33,"column":17}}},"3":{"name":"(anonymous_3)","line":37,"loc":{"start":{"line":37,"column":24},"end":{"line":37,"column":36}}},"4":{"name":"(anonymous_4)","line":69,"loc":{"start":{"line":69,"column":31},"end":{"line":69,"column":48}},"skip":true},"5":{"name":"(anonymous_5)","line":78,"loc":{"start":{"line":78,"column":26},"end":{"line":78,"column":45}},"skip":true},"6":{"name":"(anonymous_6)","line":123,"loc":{"start":{"line":123,"column":33},"end":{"line":123,"column":48}},"skip":true},"7":{"name":"(anonymous_7)","line":125,"loc":{"start":{"line":125,"column":27},"end":{"line":125,"column":39}},"skip":true},"8":{"name":"(anonymous_8)","line":133,"loc":{"start":{"line":133,"column":59},"end":{"line":133,"column":74}},"skip":true},"9":{"name":"(anonymous_9)","line":143,"loc":{"start":{"line":143,"column":45},"end":{"line":143,"column":62}},"skip":true},"10":{"name":"(anonymous_10)","line":144,"loc":{"start":{"line":144,"column":73},"end":{"line":144,"column":92}},"skip":true},"11":{"name":"(anonymous_11)","line":272,"loc":{"start":{"line":272,"column":51},"end":{"line":272,"column":77}},"skip":true},"12":{"name":"(anonymous_12)","line":315,"loc":{"start":{"line":315,"column":32},"end":{"line":315,"column":61}},"skip":true}},"statementMap":{"1":{"start":{"line":26,"column":0},"end":{"line":326,"column":5}},"2":{"start":{"line":28,"column":4},"end":{"line":28,"column":14}},"3":{"start":{"line":33,"column":4},"end":{"line":60,"column":9}},"4":{"start":{"line":35,"column":8},"end":{"line":35,"column":19}},"5":{"start":{"line":37,"column":8},"end":{"line":49,"column":13}},"6":{"start":{"line":38,"column":12},"end":{"line":48,"column":13}},"7":{"start":{"line":39,"column":16},"end":{"line":42,"column":30}},"8":{"start":{"line":44,"column":16},"end":{"line":47,"column":27}},"9":{"start":{"line":51,"column":8},"end":{"line":53,"column":21}},"10":{"start":{"line":55,"column":8},"end":{"line":57,"column":45}},"11":{"start":{"line":59,"column":8},"end":{"line":59,"column":35}},"12":{"start":{"line":61,"column":4},"end":{"line":325,"column":5}},"13":{"start":{"line":69,"column":8},"end":{"line":121,"column":10},"skip":true},"14":{"start":{"line":70,"column":12},"end":{"line":88,"column":13},"skip":true},"15":{"start":{"line":76,"column":16},"end":{"line":87,"column":19},"skip":true},"16":{"start":{"line":79,"column":20},"end":{"line":86,"column":21},"skip":true},"17":{"start":{"line":82,"column":24},"end":{"line":82,"column":43},"skip":true},"18":{"start":{"line":83,"column":24},"end":{"line":83,"column":30},"skip":true},"19":{"start":{"line":85,"column":24},"end":{"line":85,"column":49},"skip":true},"20":{"start":{"line":89,"column":12},"end":{"line":107,"column":13},"skip":true},"21":{"start":{"line":92,"column":16},"end":{"line":102,"column":17},"skip":true},"22":{"start":{"line":93,"column":20},"end":{"line":93,"column":86},"skip":true},"23":{"start":{"line":94,"column":20},"end":{"line":95,"column":45},"skip":true},"24":{"start":{"line":96,"column":20},"end":{"line":96,"column":42},"skip":true},"25":{"start":{"line":97,"column":20},"end":{"line":97,"column":48},"skip":true},"26":{"start":{"line":100,"column":20},"end":{"line":100,"column":85},"skip":true},"27":{"start":{"line":101,"column":20},"end":{"line":101,"column":96},"skip":true},"28":{"start":{"line":103,"column":16},"end":{"line":103,"column":22},"skip":true},"29":{"start":{"line":106,"column":16},"end":{"line":106,"column":22},"skip":true},"30":{"start":{"line":108,"column":12},"end":{"line":120,"column":13},"skip":true},"31":{"start":{"line":114,"column":16},"end":{"line":119,"column":17},"skip":true},"32":{"start":{"line":116,"column":20},"end":{"line":116,"column":78},"skip":true},"33":{"start":{"line":118,"column":20},"end":{"line":118,"column":47},"skip":true},"34":{"start":{"line":123,"column":8},"end":{"line":141,"column":11},"skip":true},"35":{"start":{"line":124,"column":12},"end":{"line":124,"column":54},"skip":true},"36":{"start":{"line":125,"column":12},"end":{"line":140,"column":14},"skip":true},"37":{"start":{"line":126,"column":16},"end":{"line":126,"column":28},"skip":true},"38":{"start":{"line":127,"column":16},"end":{"line":127,"column":69},"skip":true},"39":{"start":{"line":128,"column":16},"end":{"line":128,"column":75},"skip":true},"40":{"start":{"line":129,"column":16},"end":{"line":131,"column":17},"skip":true},"41":{"start":{"line":130,"column":20},"end":{"line":130,"column":27},"skip":true},"42":{"start":{"line":133,"column":16},"end":{"line":137,"column":36},"skip":true},"43":{"start":{"line":134,"column":20},"end":{"line":136,"column":55},"skip":true},"44":{"start":{"line":139,"column":16},"end":{"line":139,"column":57},"skip":true},"45":{"start":{"line":143,"column":8},"end":{"line":147,"column":11},"skip":true},"46":{"start":{"line":144,"column":12},"end":{"line":146,"column":15},"skip":true},"47":{"start":{"line":145,"column":16},"end":{"line":145,"column":70},"skip":true},"48":{"start":{"line":149,"column":8},"end":{"line":149,"column":31},"skip":true},"49":{"start":{"line":150,"column":8},"end":{"line":150,"column":14},"skip":true},"50":{"start":{"line":158,"column":8},"end":{"line":158,"column":31},"skip":true},"51":{"start":{"line":160,"column":8},"end":{"line":160,"column":33},"skip":true},"52":{"start":{"line":161,"column":8},"end":{"line":161,"column":37},"skip":true},"53":{"start":{"line":162,"column":8},"end":{"line":162,"column":35},"skip":true},"54":{"start":{"line":164,"column":8},"end":{"line":164,"column":50},"skip":true},"55":{"start":{"line":166,"column":8},"end":{"line":256,"column":2},"skip":true},"56":{"start":{"line":258,"column":8},"end":{"line":286,"column":9},"skip":true},"57":{"start":{"line":259,"column":12},"end":{"line":269,"column":14},"skip":true},"58":{"start":{"line":271,"column":12},"end":{"line":285,"column":19},"skip":true},"59":{"start":{"line":274,"column":20},"end":{"line":274,"column":35},"skip":true},"60":{"start":{"line":275,"column":20},"end":{"line":284,"column":21},"skip":true},"61":{"start":{"line":277,"column":24},"end":{"line":277,"column":64},"skip":true},"62":{"start":{"line":279,"column":24},"end":{"line":279,"column":40},"skip":true},"63":{"start":{"line":281,"column":24},"end":{"line":281,"column":40},"skip":true},"64":{"start":{"line":283,"column":24},"end":{"line":283,"column":39},"skip":true},"65":{"start":{"line":288,"column":8},"end":{"line":290,"column":9},"skip":true},"66":{"start":{"line":289,"column":12},"end":{"line":289,"column":18},"skip":true},"67":{"start":{"line":291,"column":8},"end":{"line":293,"column":54},"skip":true},"68":{"start":{"line":296,"column":8},"end":{"line":301,"column":37},"skip":true},"69":{"start":{"line":303,"column":8},"end":{"line":303,"column":82},"skip":true},"70":{"start":{"line":306,"column":8},"end":{"line":308,"column":9},"skip":true},"71":{"start":{"line":307,"column":12},"end":{"line":307,"column":82},"skip":true},"72":{"start":{"line":310,"column":8},"end":{"line":312,"column":9},"skip":true},"73":{"start":{"line":311,"column":12},"end":{"line":311,"column":18},"skip":true},"74":{"start":{"line":313,"column":8},"end":{"line":313,"column":54},"skip":true},"75":{"start":{"line":314,"column":8},"end":{"line":314,"column":69},"skip":true},"76":{"start":{"line":315,"column":8},"end":{"line":323,"column":36},"skip":true},"77":{"start":{"line":316,"column":12},"end":{"line":316,"column":61},"skip":true},"78":{"start":{"line":317,"column":12},"end":{"line":320,"column":13},"skip":true},"79":{"start":{"line":318,"column":16},"end":{"line":318,"column":75},"skip":true},"80":{"start":{"line":319,"column":16},"end":{"line":319,"column":23},"skip":true},"81":{"start":{"line":321,"column":12},"end":{"line":321,"column":38},"skip":true},"82":{"start":{"line":322,"column":12},"end":{"line":322,"column":27},"skip":true},"83":{"start":{"line":324,"column":8},"end":{"line":324,"column":14},"skip":true}},"branchMap":{"1":{"line":39,"type":"binary-expr","locations":[{"start":{"line":39,"column":23},"end":{"line":39,"column":62}},{"start":{"line":40,"column":20},"end":{"line":40,"column":70}},{"start":{"line":41,"column":20},"end":{"line":41,"column":71}},{"start":{"line":42,"column":20},"end":{"line":42,"column":29}}]},"2":{"line":44,"type":"binary-expr","locations":[{"start":{"line":44,"column":23},"end":{"line":44,"column":37}},{"start":{"line":45,"column":20},"end":{"line":45,"column":61}},{"start":{"line":46,"column":20},"end":{"line":46,"column":70}},{"start":{"line":47,"column":20},"end":{"line":47,"column":26}}]},"3":{"line":51,"type":"cond-expr","locations":[{"start":{"line":52,"column":14},"end":{"line":52,"column":20}},{"start":{"line":53,"column":14},"end":{"line":53,"column":20}}]},"4":{"line":55,"type":"binary-expr","locations":[{"start":{"line":55,"column":16},"end":{"line":55,"column":44}},{"start":{"line":55,"column":49},"end":{"line":57,"column":43}}]},"5":{"line":55,"type":"cond-expr","locations":[{"start":{"line":56,"column":14},"end":{"line":56,"column":51}},{"start":{"line":57,"column":14},"end":{"line":57,"column":43}}]},"6":{"line":61,"type":"switch","locations":[{"start":{"line":68,"column":4},"end":{"line":150,"column":14},"skip":true},{"start":{"line":156,"column":4},"end":{"line":324,"column":14},"skip":true}]},"7":{"line":70,"type":"if","locations":[{"start":{"line":70,"column":12},"end":{"line":70,"column":12},"skip":true},{"start":{"line":70,"column":12},"end":{"line":70,"column":12},"skip":true}]},"8":{"line":70,"type":"binary-expr","locations":[{"start":{"line":70,"column":16},"end":{"line":70,"column":22},"skip":true},{"start":{"line":70,"column":27},"end":{"line":70,"column":32},"skip":true},{"start":{"line":71,"column":20},"end":{"line":71,"column":39},"skip":true},{"start":{"line":72,"column":20},"end":{"line":72,"column":49},"skip":true},{"start":{"line":73,"column":20},"end":{"line":73,"column":58},"skip":true},{"start":{"line":74,"column":20},"end":{"line":74,"column":69},"skip":true}]},"9":{"line":79,"type":"switch","locations":[{"start":{"line":80,"column":20},"end":{"line":80,"column":33},"skip":true},{"start":{"line":81,"column":20},"end":{"line":83,"column":30},"skip":true},{"start":{"line":84,"column":20},"end":{"line":85,"column":49},"skip":true}]},"10":{"line":89,"type":"switch","locations":[{"start":{"line":90,"column":12},"end":{"line":103,"column":22},"skip":true},{"start":{"line":105,"column":12},"end":{"line":106,"column":22},"skip":true}]},"11":{"line":89,"type":"binary-expr","locations":[{"start":{"line":89,"column":20},"end":{"line":89,"column":25},"skip":true},{"start":{"line":89,"column":29},"end":{"line":89,"column":48},"skip":true},{"start":{"line":89,"column":52},"end":{"line":89,"column":74},"skip":true}]},"12":{"line":92,"type":"if","locations":[{"start":{"line":92,"column":16},"end":{"line":92,"column":16},"skip":true},{"start":{"line":92,"column":16},"end":{"line":92,"column":16},"skip":true}]},"13":{"line":108,"type":"if","locations":[{"start":{"line":108,"column":12},"end":{"line":108,"column":12},"skip":true},{"start":{"line":108,"column":12},"end":{"line":108,"column":12},"skip":true}]},"14":{"line":108,"type":"binary-expr","locations":[{"start":{"line":108,"column":16},"end":{"line":108,"column":61},"skip":true},{"start":{"line":108,"column":66},"end":{"line":108,"column":72},"skip":true},{"start":{"line":108,"column":77},"end":{"line":108,"column":82},"skip":true},{"start":{"line":109,"column":20},"end":{"line":109,"column":39},"skip":true},{"start":{"line":110,"column":20},"end":{"line":110,"column":49},"skip":true},{"start":{"line":111,"column":20},"end":{"line":111,"column":58},"skip":true},{"start":{"line":112,"column":20},"end":{"line":112,"column":68},"skip":true}]},"15":{"line":129,"type":"if","locations":[{"start":{"line":129,"column":16},"end":{"line":129,"column":16},"skip":true},{"start":{"line":129,"column":16},"end":{"line":129,"column":16},"skip":true}]},"16":{"line":134,"type":"cond-expr","locations":[{"start":{"line":135,"column":26},"end":{"line":135,"column":29},"skip":true},{"start":{"line":136,"column":26},"end":{"line":136,"column":54},"skip":true}]},"17":{"line":164,"type":"binary-expr","locations":[{"start":{"line":164,"column":27},"end":{"line":164,"column":43},"skip":true},{"start":{"line":164,"column":47},"end":{"line":164,"column":49},"skip":true}]},"18":{"line":258,"type":"if","locations":[{"start":{"line":258,"column":8},"end":{"line":258,"column":8},"skip":true},{"start":{"line":258,"column":8},"end":{"line":258,"column":8},"skip":true}]},"19":{"line":275,"type":"switch","locations":[{"start":{"line":276,"column":20},"end":{"line":277,"column":64},"skip":true},{"start":{"line":278,"column":20},"end":{"line":279,"column":40},"skip":true},{"start":{"line":280,"column":20},"end":{"line":281,"column":40},"skip":true},{"start":{"line":282,"column":20},"end":{"line":283,"column":39},"skip":true}]},"20":{"line":288,"type":"if","locations":[{"start":{"line":288,"column":8},"end":{"line":288,"column":8},"skip":true},{"start":{"line":288,"column":8},"end":{"line":288,"column":8},"skip":true}]},"21":{"line":288,"type":"binary-expr","locations":[{"start":{"line":288,"column":12},"end":{"line":288,"column":40},"skip":true},{"start":{"line":288,"column":44},"end":{"line":288,"column":67},"skip":true}]},"22":{"line":292,"type":"binary-expr","locations":[{"start":{"line":292,"column":12},"end":{"line":292,"column":50},"skip":true},{"start":{"line":293,"column":12},"end":{"line":293,"column":53},"skip":true}]},"23":{"line":297,"type":"binary-expr","locations":[{"start":{"line":297,"column":12},"end":{"line":297,"column":65},"skip":true},{"start":{"line":298,"column":12},"end":{"line":301,"column":36},"skip":true}]},"24":{"line":303,"type":"binary-expr","locations":[{"start":{"line":303,"column":43},"end":{"line":303,"column":75},"skip":true},{"start":{"line":303,"column":79},"end":{"line":303,"column":81},"skip":true}]},"25":{"line":306,"type":"if","locations":[{"start":{"line":306,"column":8},"end":{"line":306,"column":8},"skip":true},{"start":{"line":306,"column":8},"end":{"line":306,"column":8},"skip":true}]},"26":{"line":310,"type":"if","locations":[{"start":{"line":310,"column":8},"end":{"line":310,"column":8},"skip":true},{"start":{"line":310,"column":8},"end":{"line":310,"column":8},"skip":true}]},"27":{"line":313,"type":"binary-expr","locations":[{"start":{"line":313,"column":27},"end":{"line":313,"column":43},"skip":true},{"start":{"line":313,"column":47},"end":{"line":313,"column":53},"skip":true}]},"28":{"line":317,"type":"if","locations":[{"start":{"line":317,"column":12},"end":{"line":317,"column":12},"skip":true},{"start":{"line":317,"column":12},"end":{"line":317,"column":12},"skip":true}]}},"code":["/*","example.js","","quickstart example","","instruction","    1. save this script as example.js","    2. run the shell command:","        $ npm install npmtest-gitbook && PORT=8081 node example.js","    3. play with the browser-demo on http://127.0.0.1:8081","*/","","","","/* istanbul instrument in package npmtest_gitbook */","/*jslint","    bitwise: true,","    browser: true,","    maxerr: 8,","    maxlen: 96,","    node: true,","    nomen: true,","    regexp: true,","    stupid: true","*/","(function () {","    'use strict';","    var local;","","","","    // run shared js-env code - init-before","    (function () {","        // init local","        local = {};","        // init modeJs","        local.modeJs = (function () {","            try {","                return typeof navigator.userAgent === 'string' &&","                    typeof document.querySelector('body') === 'object' &&","                    typeof XMLHttpRequest.prototype.open === 'function' &&","                    'browser';","            } catch (errorCaughtBrowser) {","                return module.exports &&","                    typeof process.versions.node === 'string' &&","                    typeof require('http').createServer === 'function' &&","                    'node';","            }","        }());","        // init global","        local.global = local.modeJs === 'browser'","            ? window","            : global;","        // init utility2_rollup","        local = local.global.utility2_rollup || (local.modeJs === 'browser'","            ? local.global.utility2_npmtest_gitbook","            : global.utility2_moduleExports);","        // export local","        local.global.local = local;","    }());","    switch (local.modeJs) {","","","","    // init-after","    // run browser js-env code - init-after","    /* istanbul ignore next */","    case 'browser':","        local.testRunBrowser = function (event) {","            if (!event || (event &&","                    event.currentTarget &&","                    event.currentTarget.className &&","                    event.currentTarget.className.includes &&","                    event.currentTarget.className.includes('onreset'))) {","                // reset output","                Array.from(","                    document.querySelectorAll('body > .resettable')","                ).forEach(function (element) {","                    switch (element.tagName) {","                    case 'INPUT':","                    case 'TEXTAREA':","                        element.value = '';","                        break;","                    default:","                        element.textContent = '';","                    }","                });","            }","            switch (event && event.currentTarget && event.currentTarget.id) {","            case 'testRunButton1':","                // show tests","                if (document.querySelector('#testReportDiv1').style.display === 'none') {","                    document.querySelector('#testReportDiv1').style.display = 'block';","                    document.querySelector('#testRunButton1').textContent =","                        'hide internal test';","                    local.modeTest = true;","                    local.testRunDefault(local);","                // hide tests","                } else {","                    document.querySelector('#testReportDiv1').style.display = 'none';","                    document.querySelector('#testRunButton1').textContent = 'run internal test';","                }","                break;","            // custom-case","            default:","                break;","            }","            if (document.querySelector('#inputTextareaEval1') && (!event || (event &&","                    event.currentTarget &&","                    event.currentTarget.className &&","                    event.currentTarget.className.includes &&","                    event.currentTarget.className.includes('oneval')))) {","                // try to eval input-code","                try {","                    /*jslint evil: true*/","                    eval(document.querySelector('#inputTextareaEval1').value);","                } catch (errorCaught) {","                    console.error(errorCaught);","                }","            }","        };","        // log stderr and stdout to #outputTextareaStdout1","        ['error', 'log'].forEach(function (key) {","            console[key + '_original'] = console[key];","            console[key] = function () {","                var element;","                console[key + '_original'].apply(console, arguments);","                element = document.querySelector('#outputTextareaStdout1');","                if (!element) {","                    return;","                }","                // append text to #outputTextareaStdout1","                element.value += Array.from(arguments).map(function (arg) {","                    return typeof arg === 'string'","                        ? arg","                        : JSON.stringify(arg, null, 4);","                }).join(' ') + '\\n';","                // scroll textarea to bottom","                element.scrollTop = element.scrollHeight;","            };","        });","        // init event-handling","        ['change', 'click', 'keyup'].forEach(function (event) {","            Array.from(document.querySelectorAll('.on' + event)).forEach(function (element) {","                element.addEventListener(event, local.testRunBrowser);","            });","        });","        // run tests","        local.testRunBrowser();","        break;","","","","    // run node js-env code - init-after","    /* istanbul ignore next */","    case 'node':","        // export local","        module.exports = local;","        // require modules","        local.fs = require('fs');","        local.http = require('http');","        local.url = require('url');","        // init assets","        local.assetsDict = local.assetsDict || {};","        /* jslint-ignore-begin */","        local.assetsDict['/assets.index.template.html'] = '\\","<!doctype html>\\n\\","<html lang=\"en\">\\n\\","<head>\\n\\","<meta charset=\"UTF-8\">\\n\\","<meta name=\"viewport\" content=\"width=device-width, initial-scale=1\">\\n\\","<title>{{env.npm_package_name}} (v{{env.npm_package_version}})</title>\\n\\","<style>\\n\\","/*csslint\\n\\","    box-sizing: false,\\n\\","    universal-selector: false\\n\\","*/\\n\\","* {\\n\\","    box-sizing: border-box;\\n\\","}\\n\\","body {\\n\\","    background: #dde;\\n\\","    font-family: Arial, Helvetica, sans-serif;\\n\\","    margin: 2rem;\\n\\","}\\n\\","body > * {\\n\\","    margin-bottom: 1rem;\\n\\","}\\n\\",".utility2FooterDiv {\\n\\","    margin-top: 20px;\\n\\","    text-align: center;\\n\\","}\\n\\","</style>\\n\\","<style>\\n\\","/*csslint\\n\\","*/\\n\\","textarea {\\n\\","    font-family: monospace;\\n\\","    height: 10rem;\\n\\","    width: 100%;\\n\\","}\\n\\","textarea[readonly] {\\n\\","    background: #ddd;\\n\\","}\\n\\","</style>\\n\\","</head>\\n\\","<body>\\n\\","<!-- utility2-comment\\n\\","<div id=\"ajaxProgressDiv1\" style=\"background: #d00; height: 2px; left: 0; margin: 0; padding: 0; position: fixed; top: 0; transition: background 0.5s, width 1.5s; width: 25%;\"></div>\\n\\","utility2-comment -->\\n\\","<h1>\\n\\","<!-- utility2-comment\\n\\","    <a\\n\\","        {{#if env.npm_package_homepage}}\\n\\","        href=\"{{env.npm_package_homepage}}\"\\n\\","        {{/if env.npm_package_homepage}}\\n\\","        target=\"_blank\"\\n\\","    >\\n\\","utility2-comment -->\\n\\","        {{env.npm_package_name}} (v{{env.npm_package_version}})\\n\\","<!-- utility2-comment\\n\\","    </a>\\n\\","utility2-comment -->\\n\\","</h1>\\n\\","<h3>{{env.npm_package_description}}</h3>\\n\\","<!-- utility2-comment\\n\\","<h4><a download href=\"assets.app.js\">download standalone app</a></h4>\\n\\","<button class=\"onclick onreset\" id=\"testRunButton1\">run internal test</button><br>\\n\\","<div id=\"testReportDiv1\" style=\"display: none;\"></div>\\n\\","utility2-comment -->\\n\\","\\n\\","\\n\\","\\n\\","<label>stderr and stdout</label>\\n\\","<textarea class=\"resettable\" id=\"outputTextareaStdout1\" readonly></textarea>\\n\\","<!-- utility2-comment\\n\\","{{#if isRollup}}\\n\\","<script src=\"assets.app.js\"></script>\\n\\","{{#unless isRollup}}\\n\\","utility2-comment -->\\n\\","<script src=\"assets.utility2.rollup.js\"></script>\\n\\","<script src=\"jsonp.utility2._stateInit?callback=window.utility2._stateInit\"></script>\\n\\","<script src=\"assets.npmtest_gitbook.rollup.js\"></script>\\n\\","<script src=\"assets.example.js\"></script>\\n\\","<script src=\"assets.test.js\"></script>\\n\\","<!-- utility2-comment\\n\\","{{/if isRollup}}\\n\\","utility2-comment -->\\n\\","<div class=\"utility2FooterDiv\">\\n\\","    [ this app was created with\\n\\","    <a href=\"https://github.com/kaizhu256/node-utility2\" target=\"_blank\">utility2</a>\\n\\","    ]\\n\\","</div>\\n\\","</body>\\n\\","</html>\\n\\","';","        /* jslint-ignore-end */","        if (local.templateRender) {","            local.assetsDict['/'] = local.templateRender(","                local.assetsDict['/assets.index.template.html'],","                {","                    env: local.objectSetDefault(local.env, {","                        npm_package_description: 'the greatest app in the world!',","                        npm_package_name: 'my-app',","                        npm_package_nameAlias: 'my_app',","                        npm_package_version: '0.0.1'","                    })","                }","            );","        } else {","            local.assetsDict['/'] = local.assetsDict['/assets.index.template.html']","                .replace((/\\{\\{env\\.(\\w+?)\\}\\}/g), function (match0, match1) {","                    // jslint-hack","                    String(match0);","                    switch (match1) {","                    case 'npm_package_description':","                        return 'the greatest app in the world!';","                    case 'npm_package_name':","                        return 'my-app';","                    case 'npm_package_nameAlias':","                        return 'my_app';","                    case 'npm_package_version':","                        return '0.0.1';","                    }","                });","        }","        // run the cli","        if (local.global.utility2_rollup || module !== require.main) {","            break;","        }","        local.assetsDict['/assets.example.js'] =","            local.assetsDict['/assets.example.js'] ||","            local.fs.readFileSync(__filename, 'utf8');","        // bug-workaround - long $npm_package_buildCustomOrg","        /* jslint-ignore-begin */","        local.assetsDict['/assets.npmtest_gitbook.rollup.js'] =","            local.assetsDict['/assets.npmtest_gitbook.rollup.js'] ||","            local.fs.readFileSync(","                local.npmtest_gitbook.__dirname + '/lib.npmtest_gitbook.js',","                'utf8'","            ).replace((/^#!/), '//');","        /* jslint-ignore-end */","        local.assetsDict['/favicon.ico'] = local.assetsDict['/favicon.ico'] || '';","        // if $npm_config_timeout_exit exists,","        // then exit this process after $npm_config_timeout_exit ms","        if (Number(process.env.npm_config_timeout_exit)) {","            setTimeout(process.exit, Number(process.env.npm_config_timeout_exit));","        }","        // start server","        if (local.global.utility2_serverHttp1) {","            break;","        }","        process.env.PORT = process.env.PORT || '8081';","        console.error('server starting on port ' + process.env.PORT);","        local.http.createServer(function (request, response) {","            request.urlParsed = local.url.parse(request.url);","            if (local.assetsDict[request.urlParsed.pathname] !== undefined) {","                response.end(local.assetsDict[request.urlParsed.pathname]);","                return;","            }","            response.statusCode = 404;","            response.end();","        }).listen(process.env.PORT);","        break;","    }","}());",""],"l":{"26":2,"28":2,"33":2,"35":2,"37":2,"38":2,"39":2,"44":1,"51":2,"55":2,"59":2,"61":2,"69":1,"70":2,"76":2,"79":2,"82":2,"83":2,"85":1,"89":2,"92":1,"93":1,"94":1,"96":1,"97":1,"100":1,"101":1,"103":1,"106":1,"108":2,"114":1,"116":1,"118":1,"123":1,"124":2,"125":2,"126":3,"127":3,"128":3,"129":3,"130":1,"133":3,"134":3,"139":3,"143":1,"144":3,"145":1,"149":1,"150":1,"158":1,"160":1,"161":1,"162":1,"164":1,"166":1,"258":1,"259":1,"271":1,"274":6,"275":6,"277":1,"279":2,"281":1,"283":2,"288":1,"289":1,"291":1,"296":1,"303":1,"306":1,"307":1,"310":1,"311":1,"313":1,"314":1,"315":1,"316":1,"317":1,"318":1,"319":1,"321":1,"322":1,"324":1}},"/home/travis/build/npmtest/node-npmtest-gitbook/node_modules/gitbook/lib/index.js":{"path":"/home/travis/build/npmtest/node-npmtest-gitbook/node_modules/gitbook/lib/index.js","s":{"1":1,"2":1,"3":1},"b":{},"f":{},"fnMap":{},"statementMap":{"1":{"start":{"line":1,"column":0},"end":{"line":1,"column":31}},"2":{"start":{"line":3,"column":0},"end":{"line":3,"column":34}},"3":{"start":{"line":5,"column":0},"end":{"line":10,"column":11}}},"branchMap":{},"code":["var extend = require('extend');","","var common = require('./browser');","","module.exports = extend({","    initBook:       require('./init'),","    createNodeFS:   require('./fs/node'),","    Output:         require('./output'),","    commands:       require('./cli')","}, common);",""],"l":{"1":1,"3":1,"5":1}},"/home/travis/build/npmtest/node-npmtest-gitbook/node_modules/gitbook/lib/browser.js":{"path":"/home/travis/build/npmtest/node-npmtest-gitbook/node_modules/gitbook/lib/browser.js","s":{"1":1,"2":1},"b":{},"f":{},"fnMap":{},"statementMap":{"1":{"start":{"line":1,"column":0},"end":{"line":1,"column":39}},"2":{"start":{"line":3,"column":0},"end":{"line":26,"column":2}}},"branchMap":{},"code":["var Modifiers = require('./modifiers');","","module.exports = {","    Parse:              require('./parse'),","","    // Models","    Book:               require('./models/book'),","    FS:                 require('./models/fs'),","    File:               require('./models/file'),","    Summary:            require('./models/summary'),","    Glossary:           require('./models/glossary'),","    Config:             require('./models/config'),","    Page:               require('./models/page'),","    PluginDependency:   require('./models/pluginDependency'),","","    // Modifiers","    SummaryModifier:    Modifiers.Summary,","    ConfigModifier:     Modifiers.Config,","","    // Constants","    CONFIG_FILES:        require('./constants/configFiles.js'),","    IGNORE_FILES:        require('./constants/ignoreFiles.js'),","    DEFAULT_PLUGINS:     require('./constants/defaultPlugins'),","    EXTENSIONS_MARKDOWN: require('./constants/extsMarkdown'),","    EXTENSIONS_ASCIIDOC: require('./constants/extsAsciidoc')","};",""],"l":{"1":1,"3":1}},"/home/travis/build/npmtest/node-npmtest-gitbook/node_modules/gitbook/lib/modifiers/index.js":{"path":"/home/travis/build/npmtest/node-npmtest-gitbook/node_modules/gitbook/lib/modifiers/index.js","s":{"1":1},"b":{},"f":{},"fnMap":{},"statementMap":{"1":{"start":{"line":2,"column":0},"end":{"line":5,"column":2}}},"branchMap":{},"code":["","module.exports = {","    Summary:        require('./summary'),","    Config:         require('./config')","};",""],"l":{"2":1}},"/home/travis/build/npmtest/node-npmtest-gitbook/node_modules/gitbook/lib/modifiers/summary/index.js":{"path":"/home/travis/build/npmtest/node-npmtest-gitbook/node_modules/gitbook/lib/modifiers/summary/index.js","s":{"1":1},"b":{},"f":{},"fnMap":{},"statementMap":{"1":{"start":{"line":1,"column":0},"end":{"line":13,"column":2}}},"branchMap":{},"code":["module.exports = {","    insertArticle:      require('./insertArticle'),","    moveArticle:        require('./moveArticle'),","    moveArticleAfter:   require('./moveArticleAfter'),","    removeArticle:      require('./removeArticle'),","    unshiftArticle:     require('./unshiftArticle'),","    editArticleTitle:   require('./editArticleTitle'),","    editArticleRef:     require('./editArticleRef'),","","    insertPart:         require('./insertPart'),","    removePart:         require('./removePart'),","    editPartTitle:      require('./editPartTitle')","};",""],"l":{"1":1}},"/home/travis/build/npmtest/node-npmtest-gitbook/node_modules/gitbook/lib/modifiers/summary/insertArticle.js":{"path":"/home/travis/build/npmtest/node-npmtest-gitbook/node_modules/gitbook/lib/modifiers/summary/insertArticle.js","s":{"1":1,"2":1,"3":1,"4":1,"5":1,"6":0,"7":0,"8":0,"9":0,"10":0,"11":0,"12":0,"13":0,"14":0,"15":0,"16":0,"17":1,"18":0,"19":0,"20":0,"21":1},"b":{"1":[0,0],"2":[0,0]},"f":{"1":0,"2":0,"3":0},"fnMap":{"1":{"name":"insertArticle","line":15,"loc":{"start":{"line":15,"column":0},"end":{"line":15,"column":48}}},"2":{"name":"getLeafIndex","line":42,"loc":{"start":{"line":42,"column":0},"end":{"line":42,"column":29}}},"3":{"name":"(anonymous_3)","line":43,"loc":{"start":{"line":43,"column":35},"end":{"line":43,"column":51}}}},"statementMap":{"1":{"start":{"line":1,"column":0},"end":{"line":1,"column":23}},"2":{"start":{"line":2,"column":0},"end":{"line":2,"column":60}},"3":{"start":{"line":3,"column":0},"end":{"line":3,"column":45}},"4":{"start":{"line":4,"column":0},"end":{"line":4,"column":57}},"5":{"start":{"line":15,"column":0},"end":{"line":36,"column":1}},"6":{"start":{"line":16,"column":4},"end":{"line":16,"column":38}},"7":{"start":{"line":17,"column":4},"end":{"line":17,"column":55}},"8":{"start":{"line":19,"column":4},"end":{"line":19,"column":42}},"9":{"start":{"line":20,"column":4},"end":{"line":22,"column":5}},"10":{"start":{"line":21,"column":8},"end":{"line":21,"column":23}},"11":{"start":{"line":25,"column":4},"end":{"line":25,"column":40}},"12":{"start":{"line":26,"column":4},"end":{"line":26,"column":36}},"13":{"start":{"line":29,"column":4},"end":{"line":29,"column":47}},"14":{"start":{"line":32,"column":4},"end":{"line":32,"column":46}},"15":{"start":{"line":33,"column":4},"end":{"line":33,"column":40}},"16":{"start":{"line":35,"column":4},"end":{"line":35,"column":60}},"17":{"start":{"line":42,"column":0},"end":{"line":47,"column":1}},"18":{"start":{"line":43,"column":4},"end":{"line":45,"column":7}},"19":{"start":{"line":44,"column":8},"end":{"line":44,"column":34}},"20":{"start":{"line":46,"column":4},"end":{"line":46,"column":35}},"21":{"start":{"line":49,"column":0},"end":{"line":49,"column":31}}},"branchMap":{"1":{"line":17,"type":"cond-expr","locations":[{"start":{"line":17,"column":30},"end":{"line":17,"column":35}},{"start":{"line":17,"column":38},"end":{"line":17,"column":54}}]},"2":{"line":20,"type":"if","locations":[{"start":{"line":20,"column":4},"end":{"line":20,"column":4}},{"start":{"line":20,"column":4},"end":{"line":20,"column":4}}]}},"code":["var is = require('is');","var SummaryArticle = require('../../models/summaryArticle');","var mergeAtLevel = require('./mergeAtLevel');","var indexArticleLevels = require('./indexArticleLevels');","","/**","    Returns a new Summary with the article at the given level, with","    subsequent article shifted.","","    @param {Summary} summary","    @param {Article} article","    @param {String|Article} level: level to insert at","    @return {Summary}","*/","function insertArticle(summary, article, level) {","    article = SummaryArticle(article);","    level = is.string(level)? level : level.getLevel();","","    var parent = summary.getParent(level);","    if (!parent) {","        return summary;","    }","","    // Find the index to insert at","    var articles = parent.getArticles();","    var index = getLeafIndex(level);","","    // Insert the article at the right index","    articles = articles.insert(index, article);","","    // Reindex the level from here","    parent = parent.set('articles', articles);","    parent = indexArticleLevels(parent);","","    return mergeAtLevel(summary, parent.getLevel(), parent);","}","","/**","    @param {String}","    @return {Number} The index of this level within its parent's children"," */","function getLeafIndex(level) {","    var arr = level.split('.').map(function (char) {","        return parseInt(char, 10);","    });","    return arr[arr.length - 1] - 1;","}","","module.exports = insertArticle;",""],"l":{"1":1,"2":1,"3":1,"4":1,"15":1,"16":0,"17":0,"19":0,"20":0,"21":0,"25":0,"26":0,"29":0,"32":0,"33":0,"35":0,"42":1,"43":0,"44":0,"46":0,"49":1}},"/home/travis/build/npmtest/node-npmtest-gitbook/node_modules/gitbook/lib/models/summaryArticle.js":{"path":"/home/travis/build/npmtest/node-npmtest-gitbook/node_modules/gitbook/lib/models/summaryArticle.js","s":{"1":1,"2":1,"3":1,"4":1,"5":0,"6":1,"7":0,"8":1,"9":0,"10":1,"11":0,"12":1,"13":0,"14":1,"15":0,"16":0,"17":0,"18":0,"19":0,"20":0,"21":0,"22":0,"23":1,"24":0,"25":1,"26":0,"27":0,"28":0,"29":0,"30":1,"31":0,"32":0,"33":0,"34":0,"35":1,"36":0,"37":1,"38":0,"39":1,"40":0,"41":0,"42":0,"43":1,"44":0,"45":1,"46":0,"47":0,"48":0,"49":0,"50":0,"51":1,"52":0,"53":0,"54":0,"55":0,"56":0,"57":0,"58":0,"59":1},"b":{"1":[0,0],"2":[0,0],"3":[0,0],"4":[0,0],"5":[0,0],"6":[0,0],"7":[0,0],"8":[0,0],"9":[0,0],"10":[0,0],"11":[0,0,0],"12":[0,0],"13":[0,0]},"f":{"1":0,"2":0,"3":0,"4":0,"5":0,"6":0,"7":0,"8":0,"9":0,"10":0,"11":0,"12":0,"13":0,"14":0,"15":0,"16":0,"17":0},"fnMap":{"1":{"name":"(anonymous_1)","line":16,"loc":{"start":{"line":16,"column":36},"end":{"line":16,"column":47}}},"2":{"name":"(anonymous_2)","line":20,"loc":{"start":{"line":20,"column":36},"end":{"line":20,"column":47}}},"3":{"name":"(anonymous_3)","line":24,"loc":{"start":{"line":24,"column":34},"end":{"line":24,"column":45}}},"4":{"name":"(anonymous_4)","line":28,"loc":{"start":{"line":28,"column":39},"end":{"line":28,"column":50}}},"5":{"name":"(anonymous_5)","line":38,"loc":{"start":{"line":38,"column":36},"end":{"line":38,"column":47}}},"6":{"name":"(anonymous_6)","line":48,"loc":{"start":{"line":48,"column":35},"end":{"line":48,"column":46}}},"7":{"name":"(anonymous_7)","line":71,"loc":{"start":{"line":71,"column":34},"end":{"line":71,"column":45}}},"8":{"name":"(anonymous_8)","line":80,"loc":{"start":{"line":80,"column":37},"end":{"line":80,"column":48}}},"9":{"name":"(anonymous_9)","line":93,"loc":{"start":{"line":93,"column":44},"end":{"line":93,"column":55}}},"10":{"name":"(anonymous_10)","line":106,"loc":{"start":{"line":106,"column":34},"end":{"line":106,"column":45}}},"11":{"name":"(anonymous_11)","line":116,"loc":{"start":{"line":116,"column":34},"end":{"line":116,"column":49}}},"12":{"name":"(anonymous_12)","line":129,"loc":{"start":{"line":129,"column":36},"end":{"line":129,"column":51}}},"13":{"name":"(anonymous_13)","line":141,"loc":{"start":{"line":141,"column":38},"end":{"line":141,"column":49}}},"14":{"name":"(anonymous_14)","line":151,"loc":{"start":{"line":151,"column":24},"end":{"line":151,"column":45}}},"15":{"name":"(anonymous_15)","line":152,"loc":{"start":{"line":152,"column":44},"end":{"line":152,"column":65}}},"16":{"name":"(anonymous_16)","line":174,"loc":{"start":{"line":174,"column":29},"end":{"line":174,"column":50}}},"17":{"name":"(anonymous_17)","line":177,"loc":{"start":{"line":177,"column":27},"end":{"line":177,"column":53}}}},"statementMap":{"1":{"start":{"line":1,"column":0},"end":{"line":1,"column":37}},"2":{"start":{"line":3,"column":0},"end":{"line":3,"column":44}},"3":{"start":{"line":9,"column":0},"end":{"line":14,"column":21}},"4":{"start":{"line":16,"column":0},"end":{"line":18,"column":2}},"5":{"start":{"line":17,"column":4},"end":{"line":17,"column":29}},"6":{"start":{"line":20,"column":0},"end":{"line":22,"column":2}},"7":{"start":{"line":21,"column":4},"end":{"line":21,"column":29}},"8":{"start":{"line":24,"column":0},"end":{"line":26,"column":2}},"9":{"start":{"line":25,"column":4},"end":{"line":25,"column":27}},"10":{"start":{"line":28,"column":0},"end":{"line":30,"column":2}},"11":{"start":{"line":29,"column":4},"end":{"line":29,"column":32}},"12":{"start":{"line":38,"column":0},"end":{"line":40,"column":2}},"13":{"start":{"line":39,"column":4},"end":{"line":39,"column":51}},"14":{"start":{"line":48,"column":0},"end":{"line":64,"column":2}},"15":{"start":{"line":49,"column":4},"end":{"line":51,"column":5}},"16":{"start":{"line":50,"column":8},"end":{"line":50,"column":25}},"17":{"start":{"line":53,"column":4},"end":{"line":53,"column":28}},"18":{"start":{"line":54,"column":4},"end":{"line":56,"column":5}},"19":{"start":{"line":55,"column":8},"end":{"line":55,"column":25}},"20":{"start":{"line":58,"column":4},"end":{"line":58,"column":31}},"21":{"start":{"line":60,"column":4},"end":{"line":60,"column":74}},"22":{"start":{"line":63,"column":4},"end":{"line":63,"column":38}},"23":{"start":{"line":71,"column":0},"end":{"line":73,"column":2}},"24":{"start":{"line":72,"column":4},"end":{"line":72,"column":56}},"25":{"start":{"line":80,"column":0},"end":{"line":86,"column":2}},"26":{"start":{"line":81,"column":4},"end":{"line":81,"column":28}},"27":{"start":{"line":82,"column":4},"end":{"line":82,"column":31}},"28":{"start":{"line":84,"column":4},"end":{"line":84,"column":79}},"29":{"start":{"line":85,"column":4},"end":{"line":85,"column":18}},"30":{"start":{"line":93,"column":0},"end":{"line":99,"column":2}},"31":{"start":{"line":94,"column":4},"end":{"line":94,"column":38}},"32":{"start":{"line":95,"column":4},"end":{"line":95,"column":41}},"33":{"start":{"line":96,"column":4},"end":{"line":96,"column":59}},"34":{"start":{"line":98,"column":4},"end":{"line":98,"column":22}},"35":{"start":{"line":106,"column":0},"end":{"line":108,"column":2}},"36":{"start":{"line":107,"column":4},"end":{"line":107,"column":47}},"37":{"start":{"line":116,"column":0},"end":{"line":121,"column":2}},"38":{"start":{"line":117,"column":4},"end":{"line":120,"column":6}},"39":{"start":{"line":129,"column":0},"end":{"line":134,"column":2}},"40":{"start":{"line":130,"column":4},"end":{"line":130,"column":55}},"41":{"start":{"line":131,"column":4},"end":{"line":131,"column":32}},"42":{"start":{"line":133,"column":4},"end":{"line":133,"column":29}},"43":{"start":{"line":141,"column":0},"end":{"line":143,"column":2}},"44":{"start":{"line":142,"column":4},"end":{"line":142,"column":46}},"45":{"start":{"line":151,"column":0},"end":{"line":165,"column":2}},"46":{"start":{"line":152,"column":4},"end":{"line":157,"column":7}},"47":{"start":{"line":153,"column":8},"end":{"line":155,"column":9}},"48":{"start":{"line":154,"column":12},"end":{"line":154,"column":27}},"49":{"start":{"line":156,"column":8},"end":{"line":156,"column":72}},"50":{"start":{"line":159,"column":4},"end":{"line":164,"column":7}},"51":{"start":{"line":174,"column":0},"end":{"line":186,"column":2}},"52":{"start":{"line":175,"column":4},"end":{"line":175,"column":38}},"53":{"start":{"line":177,"column":4},"end":{"line":185,"column":13}},"54":{"start":{"line":178,"column":8},"end":{"line":178,"column":34}},"55":{"start":{"line":178,"column":20},"end":{"line":178,"column":34}},"56":{"start":{"line":180,"column":8},"end":{"line":182,"column":9}},"57":{"start":{"line":181,"column":12},"end":{"line":181,"column":27}},"58":{"start":{"line":184,"column":8},"end":{"line":184,"column":57}},"59":{"start":{"line":189,"column":0},"end":{"line":189,"column":32}}},"branchMap":{"1":{"line":49,"type":"if","locations":[{"start":{"line":49,"column":4},"end":{"line":49,"column":4}},{"start":{"line":49,"column":4},"end":{"line":49,"column":4}}]},"2":{"line":54,"type":"if","locations":[{"start":{"line":54,"column":4},"end":{"line":54,"column":4}},{"start":{"line":54,"column":4},"end":{"line":54,"column":4}}]},"3":{"line":60,"type":"cond-expr","locations":[{"start":{"line":60,"column":38},"end":{"line":60,"column":66}},{"start":{"line":60,"column":69},"end":{"line":60,"column":72}}]},"4":{"line":72,"type":"cond-expr","locations":[{"start":{"line":72,"column":30},"end":{"line":72,"column":43}},{"start":{"line":72,"column":46},"end":{"line":72,"column":55}}]},"5":{"line":84,"type":"cond-expr","locations":[{"start":{"line":84,"column":36},"end":{"line":84,"column":65}},{"start":{"line":84,"column":68},"end":{"line":84,"column":77}}]},"6":{"line":107,"type":"binary-expr","locations":[{"start":{"line":107,"column":11},"end":{"line":107,"column":29}},{"start":{"line":107,"column":33},"end":{"line":107,"column":46}}]},"7":{"line":118,"type":"binary-expr","locations":[{"start":{"line":118,"column":8},"end":{"line":118,"column":41}},{"start":{"line":119,"column":11},"end":{"line":119,"column":41}}]},"8":{"line":130,"type":"cond-expr","locations":[{"start":{"line":130,"column":31},"end":{"line":130,"column":35}},{"start":{"line":130,"column":38},"end":{"line":130,"column":54}}]},"9":{"line":152,"type":"binary-expr","locations":[{"start":{"line":152,"column":20},"end":{"line":152,"column":32}},{"start":{"line":152,"column":36},"end":{"line":152,"column":38}}]},"10":{"line":153,"type":"if","locations":[{"start":{"line":153,"column":8},"end":{"line":153,"column":8}},{"start":{"line":153,"column":8},"end":{"line":153,"column":8}}]},"11":{"line":162,"type":"binary-expr","locations":[{"start":{"line":162,"column":13},"end":{"line":162,"column":20}},{"start":{"line":162,"column":24},"end":{"line":162,"column":32}},{"start":{"line":162,"column":36},"end":{"line":162,"column":38}}]},"12":{"line":178,"type":"if","locations":[{"start":{"line":178,"column":8},"end":{"line":178,"column":8}},{"start":{"line":178,"column":8},"end":{"line":178,"column":8}}]},"13":{"line":180,"type":"if","locations":[{"start":{"line":180,"column":8},"end":{"line":180,"column":8}},{"start":{"line":180,"column":8},"end":{"line":180,"column":8}}]}},"code":["var Immutable = require('immutable');","","var location = require('../utils/location');","","/*","    An article represents an entry in the Summary / table of Contents","*/","","var SummaryArticle = Immutable.Record({","    level:      String(),","    title:      String(),","    ref:        String(),","    articles:   Immutable.List()","}, 'SummaryArticle');","","SummaryArticle.prototype.getLevel = function() {","    return this.get('level');","};","","SummaryArticle.prototype.getTitle = function() {","    return this.get('title');","};","","SummaryArticle.prototype.getRef = function() {","    return this.get('ref');","};","","SummaryArticle.prototype.getArticles = function() {","    return this.get('articles');","};","","/**"," * Return how deep the article is."," * The README has a depth of 1"," *"," * @return {Number}"," */","SummaryArticle.prototype.getDepth = function() {","    return (this.getLevel().split('.').length - 1);","};","","/**"," * Get path (without anchor) to the pointing file."," * It also normalizes the file path."," *"," * @return {String}"," */","SummaryArticle.prototype.getPath = function() {","    if (this.isExternal()) {","        return undefined;","    }","","    var ref = this.getRef();","    if (!ref) {","        return undefined;","    }","","    var parts = ref.split('#');","","    var pathname = (parts.length > 1? parts.slice(0, -1).join('#') : ref);","","    // Normalize path to remove ('./', '/...', etc)","    return location.flatten(pathname);","};","","/**"," * Return url if article is external"," *"," * @return {String}"," */","SummaryArticle.prototype.getUrl = function() {","    return this.isExternal()? this.getRef() : undefined;","};","","/**"," * Get anchor for this article (or undefined)"," *"," * @return {String}"," */","SummaryArticle.prototype.getAnchor = function() {","    var ref = this.getRef();","    var parts = ref.split('#');","","    var anchor = (parts.length > 1? '#' + parts[parts.length - 1] : undefined);","    return anchor;","};","","/**"," * Create a new level for a new child article"," *"," * @return {String}"," */","SummaryArticle.prototype.createChildLevel = function() {","    var level       = this.getLevel();","    var subArticles = this.getArticles();","    var childLevel  = level + '.' + (subArticles.size + 1);","","    return childLevel;","};","","/**"," * Is article pointing to a page of an absolute url"," *"," * @return {Boolean}"," */","SummaryArticle.prototype.isPage = function() {","    return !this.isExternal() && this.getRef();","};","","/**"," * Check if this article is a file (exatcly)"," *"," * @param {File} file"," * @return {Boolean}"," */","SummaryArticle.prototype.isFile = function(file) {","    return (","        file.getPath() === this.getPath()","        && this.getAnchor() === undefined","    );","};","","/**"," * Check if this article is the introduction of the book"," *"," * @param {Book|Readme} book"," * @return {Boolean}"," */","SummaryArticle.prototype.isReadme = function(book) {","    var readme = book.getFile? book : book.getReadme();","    var file = readme.getFile();","","    return this.isFile(file);","};","","/**"," * Is article pointing to aan absolute url"," *"," * @return {Boolean}"," */","SummaryArticle.prototype.isExternal = function() {","    return location.isExternal(this.getRef());","};","","/**"," * Create a SummaryArticle"," *"," * @param {Object} def"," * @return {SummaryArticle}"," */","SummaryArticle.create = function(def, level) {","    var articles = (def.articles || []).map(function(article, i) {","        if (article instanceof SummaryArticle) {","            return article;","        }","        return SummaryArticle.create(article, [level, i + 1].join('.'));","    });","","    return new SummaryArticle({","        level: level,","        title: def.title,","        ref: def.ref || def.path || '',","        articles: Immutable.List(articles)","    });","};","","/**"," * Find an article from a base one"," *"," * @param {Article|Part} base"," * @param {Function(article)} iter"," * @return {Article}"," */","SummaryArticle.findArticle = function(base, iter) {","    var articles = base.getArticles();","","    return articles.reduce(function(result, article) {","        if (result) return result;","","        if (iter(article)) {","            return article;","        }","","        return SummaryArticle.findArticle(article, iter);","    }, null);","};","","","module.exports = SummaryArticle;",""],"l":{"1":1,"3":1,"9":1,"16":1,"17":0,"20":1,"21":0,"24":1,"25":0,"28":1,"29":0,"38":1,"39":0,"48":1,"49":0,"50":0,"53":0,"54":0,"55":0,"58":0,"60":0,"63":0,"71":1,"72":0,"80":1,"81":0,"82":0,"84":0,"85":0,"93":1,"94":0,"95":0,"96":0,"98":0,"106":1,"107":0,"116":1,"117":0,"129":1,"130":0,"131":0,"133":0,"141":1,"142":0,"151":1,"152":0,"153":0,"154":0,"156":0,"159":0,"174":1,"175":0,"177":0,"178":0,"180":0,"181":0,"184":0,"189":1}},"/home/travis/build/npmtest/node-npmtest-gitbook/node_modules/gitbook/lib/utils/location.js":{"path":"/home/travis/build/npmtest/node-npmtest-gitbook/node_modules/gitbook/lib/utils/location.js","s":{"1":1,"2":1,"3":1,"4":0,"5":0,"6":0,"7":1,"8":0,"9":0,"10":0,"11":1,"12":0,"13":1,"14":0,"15":0,"16":0,"17":0,"18":1,"19":0,"20":1,"21":0,"22":0,"23":0,"24":0,"25":1,"26":0,"27":0,"28":0,"29":0,"30":0,"31":0,"32":0,"33":0,"34":0,"35":0,"36":0,"37":0,"38":1,"39":0,"40":0,"41":1,"42":0,"43":1,"44":0,"45":1},"b":{"1":[0,0],"2":[0,0],"3":[0,0,0],"4":[0,0],"5":[0,0],"6":[0,0],"7":[0,0],"8":[0,0],"9":[0,0]},"f":{"1":0,"2":0,"3":0,"4":0,"5":0,"6":0,"7":0,"8":0,"9":0,"10":0},"fnMap":{"1":{"name":"isExternal","line":5,"loc":{"start":{"line":5,"column":0},"end":{"line":5,"column":26}}},"2":{"name":"isDataURI","line":14,"loc":{"start":{"line":14,"column":0},"end":{"line":14,"column":25}}},"3":{"name":"isRelative","line":23,"loc":{"start":{"line":23,"column":0},"end":{"line":23,"column":26}}},"4":{"name":"isAnchor","line":28,"loc":{"start":{"line":28,"column":0},"end":{"line":28,"column":24}}},"5":{"name":"normalize","line":38,"loc":{"start":{"line":38,"column":0},"end":{"line":38,"column":22}}},"6":{"name":"flatten","line":48,"loc":{"start":{"line":48,"column":0},"end":{"line":48,"column":23}}},"7":{"name":"toAbsolute","line":65,"loc":{"start":{"line":65,"column":0},"end":{"line":65,"column":40}}},"8":{"name":"relative","line":99,"loc":{"start":{"line":99,"column":0},"end":{"line":99,"column":29}}},"9":{"name":"relativeForFile","line":112,"loc":{"start":{"line":112,"column":0},"end":{"line":112,"column":41}}},"10":{"name":"areIdenticalPaths","line":124,"loc":{"start":{"line":124,"column":0},"end":{"line":124,"column":35}}}},"statementMap":{"1":{"start":{"line":1,"column":0},"end":{"line":1,"column":25}},"2":{"start":{"line":2,"column":0},"end":{"line":2,"column":27}},"3":{"start":{"line":5,"column":0},"end":{"line":11,"column":1}},"4":{"start":{"line":6,"column":4},"end":{"line":10,"column":5}},"5":{"start":{"line":7,"column":8},"end":{"line":7,"column":69}},"6":{"start":{"line":9,"column":8},"end":{"line":9,"column":21}},"7":{"start":{"line":14,"column":0},"end":{"line":20,"column":1}},"8":{"start":{"line":15,"column":4},"end":{"line":19,"column":5}},"9":{"start":{"line":16,"column":8},"end":{"line":16,"column":91}},"10":{"start":{"line":18,"column":8},"end":{"line":18,"column":21}},"11":{"start":{"line":23,"column":0},"end":{"line":25,"column":1}},"12":{"start":{"line":24,"column":4},"end":{"line":24,"column":29}},"13":{"start":{"line":28,"column":0},"end":{"line":35,"column":1}},"14":{"start":{"line":29,"column":4},"end":{"line":34,"column":5}},"15":{"start":{"line":30,"column":8},"end":{"line":30,"column":37}},"16":{"start":{"line":31,"column":8},"end":{"line":31,"column":67}},"17":{"start":{"line":33,"column":8},"end":{"line":33,"column":21}},"18":{"start":{"line":38,"column":0},"end":{"line":40,"column":1}},"19":{"start":{"line":39,"column":4},"end":{"line":39,"column":49}},"20":{"start":{"line":48,"column":0},"end":{"line":55,"column":1}},"21":{"start":{"line":49,"column":4},"end":{"line":49,"column":27}},"22":{"start":{"line":50,"column":4},"end":{"line":52,"column":5}},"23":{"start":{"line":51,"column":8},"end":{"line":51,"column":40}},"24":{"start":{"line":54,"column":4},"end":{"line":54,"column":16}},"25":{"start":{"line":65,"column":0},"end":{"line":89,"column":1}},"26":{"start":{"line":66,"column":4},"end":{"line":68,"column":5}},"27":{"start":{"line":67,"column":8},"end":{"line":67,"column":21}},"28":{"start":{"line":70,"column":4},"end":{"line":70,"column":47}},"29":{"start":{"line":72,"column":4},"end":{"line":72,"column":29}},"30":{"start":{"line":73,"column":4},"end":{"line":73,"column":25}},"31":{"start":{"line":74,"column":4},"end":{"line":74,"column":31}},"32":{"start":{"line":77,"column":4},"end":{"line":77,"column":54}},"33":{"start":{"line":78,"column":4},"end":{"line":80,"column":5}},"34":{"start":{"line":79,"column":8},"end":{"line":79,"column":47}},"35":{"start":{"line":83,"column":4},"end":{"line":83,"column":46}},"36":{"start":{"line":86,"column":4},"end":{"line":86,"column":29}},"37":{"start":{"line":88,"column":4},"end":{"line":88,"column":17}},"38":{"start":{"line":99,"column":0},"end":{"line":102,"column":1}},"39":{"start":{"line":100,"column":4},"end":{"line":100,"column":45}},"40":{"start":{"line":101,"column":4},"end":{"line":101,"column":72}},"41":{"start":{"line":112,"column":0},"end":{"line":114,"column":1}},"42":{"start":{"line":113,"column":4},"end":{"line":113,"column":50}},"43":{"start":{"line":124,"column":0},"end":{"line":126,"column":1}},"44":{"start":{"line":125,"column":4},"end":{"line":125,"column":43}},"45":{"start":{"line":128,"column":0},"end":{"line":139,"column":2}}},"branchMap":{"1":{"line":7,"type":"binary-expr","locations":[{"start":{"line":7,"column":15},"end":{"line":7,"column":48}},{"start":{"line":7,"column":52},"end":{"line":7,"column":68}}]},"2":{"line":16,"type":"binary-expr","locations":[{"start":{"line":16,"column":15},"end":{"line":16,"column":48}},{"start":{"line":16,"column":53},"end":{"line":16,"column":89}}]},"3":{"line":31,"type":"binary-expr","locations":[{"start":{"line":31,"column":18},"end":{"line":31,"column":34}},{"start":{"line":31,"column":38},"end":{"line":31,"column":50}},{"start":{"line":31,"column":54},"end":{"line":31,"column":65}}]},"4":{"line":50,"type":"if","locations":[{"start":{"line":50,"column":4},"end":{"line":50,"column":4}},{"start":{"line":50,"column":4},"end":{"line":50,"column":4}}]},"5":{"line":66,"type":"if","locations":[{"start":{"line":66,"column":4},"end":{"line":66,"column":4}},{"start":{"line":66,"column":4},"end":{"line":66,"column":4}}]},"6":{"line":66,"type":"binary-expr","locations":[{"start":{"line":66,"column":8},"end":{"line":66,"column":25}},{"start":{"line":66,"column":29},"end":{"line":66,"column":45}}]},"7":{"line":70,"type":"cond-expr","locations":[{"start":{"line":70,"column":34},"end":{"line":70,"column":37}},{"start":{"line":70,"column":40},"end":{"line":70,"column":46}}]},"8":{"line":78,"type":"if","locations":[{"start":{"line":78,"column":4},"end":{"line":78,"column":4}},{"start":{"line":78,"column":4},"end":{"line":78,"column":4}}]},"9":{"line":101,"type":"cond-expr","locations":[{"start":{"line":101,"column":63},"end":{"line":101,"column":66}},{"start":{"line":101,"column":68},"end":{"line":101,"column":70}}]}},"code":["var url = require('url');","var path = require('path');","","// Is the url an external url","function isExternal(href) {","    try {","        return Boolean(url.parse(href).protocol) && !isDataURI(href);","    } catch(err) {","        return false;","    }","}","","// Is the url an iniline data-uri","function isDataURI(href) {","    try {","        return Boolean(url.parse(href).protocol) && (url.parse(href).protocol === 'data:');","    } catch(err) {","        return false;","    }","}","","// Inverse of isExternal","function isRelative(href) {","    return !isExternal(href);","}","","// Return true if the link is an achor","function isAnchor(href) {","    try {","        var parsed = url.parse(href);","        return !!(!parsed.protocol && !parsed.path && parsed.hash);","    } catch(err) {","        return false;","    }","}","","// Normalize a path to be a link","function normalize(s) {","    return path.normalize(s).replace(/\\\\/g, '/');","}","","/**"," * Flatten a path, it removes the leading \"/\""," *"," * @param {String} href"," * @return {String}"," */","function flatten(href) {","    href = normalize(href);","    if (href[0] == '/') {","        href = normalize(href.slice(1));","    }","","    return href;","}","","/**"," * Convert a relative path to absolute"," *"," * @param {String} href"," * @param {String} dir: directory parent of the file currently in rendering process"," * @param {String} outdir: directory parent from the html output"," * @return {String}"," */","function toAbsolute(_href, dir, outdir) {","    if (isExternal(_href) || isDataURI(_href)) {","        return _
[...]
able files","    parsers.extensions.forEach(function(ext) {","        toWatch.push('**/*'+ext);","    });","","    var watcher = chokidar.watch(toWatch, {","        cwd: dir,","        ignored: '_book/**',","        ignoreInitial: true","    });","","    watcher.once('all', function(e, filepath) {","        watcher.close();","","        d.resolve(filepath);","    });","    watcher.once('error', function(err) {","        watcher.close();","","        d.reject(err);","    });","","    return d.promise;","}","","module.exports = watch;",""],"l":{"1":1,"2":1,"4":1,"5":1,"13":1,"14":0,"15":0,"17":0,"22":0,"23":0,"26":0,"32":0,"33":0,"35":0,"37":0,"38":0,"40":0,"43":0,"46":1}},"/home/travis/build/npmtest/node-npmtest-gitbook/node_modules/gitbook/lib/cli/install.js":{"path":"/home/travis/build/npmtest/node-npmtest-gitbook/node_modules/gitbook/lib/cli/install.js","s":{"1":1,"2":1,"3":1,"4":1,"5":1,"6":0,"7":0,"8":0},"b":{},"f":{"1":0,"2":0},"fnMap":{"1":{"name":"(anonymous_1)","line":13,"loc":{"start":{"line":13,"column":10},"end":{"line":13,"column":33}}},"2":{"name":"(anonymous_2)","line":17,"loc":{"start":{"line":17,"column":14},"end":{"line":17,"column":35}}}},"statementMap":{"1":{"start":{"line":1,"column":0},"end":{"line":1,"column":35}},"2":{"start":{"line":2,"column":0},"end":{"line":2,"column":35}},"3":{"start":{"line":4,"column":0},"end":{"line":4,"column":32}},"4":{"start":{"line":5,"column":0},"end":{"line":5,"column":36}},"5":{"start":{"line":7,"column":0},"end":{"line":21,"column":2}},"6":{"start":{"line":14,"column":8},"end":{"line":14,"column":41}},"7":{"start":{"line":16,"column":8},"end":{"line":19,"column":11}},"8":{"start":{"line":18,"column":12},"end":{"line":18,"column":54}}},"branchMap":{},"code":["var options = require('./options');","var getBook = require('./getBook');","","var Parse = require('../parse');","var Plugins = require('../plugins');","","module.exports = {","    name: 'install [book]',","    description: 'install all plugins dependencies',","    options: [","        options.log","    ],","    exec: function(args, kwargs) {","        var book = getBook(args, kwargs);","","        return Parse.parseConfig(book)","        .then(function(resultBook) {","            return Plugins.installPlugins(resultBook);","        });","    }","};",""],"l":{"1":1,"2":1,"4":1,"5":1,"7":1,"14":0,"16":0,"18":0}},"/home/travis/build/npmtest/node-npmtest-gitbook/node_modules/gitbook/lib/cli/parse.js":{"path":"/home/travis/build/npmtest/node-npmtest-gitbook/node_modules/gitbook/lib/cli/parse.js","s":{"1":1,"2":1,"3":1,"4":1,"5":0,"6":0,"7":0,"8":0,"9":0,"10":0,"11":0,"12":0,"13":0,"14":0,"15":0,"16":0,"17":0,"18":0,"19":0,"20":0,"21":0,"22":1,"23":0,"24":0,"25":0,"26":0,"27":0,"28":0,"29":0,"30":0,"31":1,"32":0,"33":0,"34":0,"35":0,"36":0,"37":0,"38":0,"39":0,"40":0,"41":0,"42":0},"b":{"1":[0,0],"2":[0,0],"3":[0,0],"4":[0,0],"5":[0,0],"6":[0,0]},"f":{"1":0,"2":0,"3":0,"4":0,"5":0},"fnMap":{"1":{"name":"printBook","line":6,"loc":{"start":{"line":6,"column":0},"end":{"line":6,"column":25}}},"2":{"name":"printMultingualBook","line":38,"loc":{"start":{"line":38,"column":0},"end":{"line":38,"column":35}}},"3":{"name":"(anonymous_3)","line":45,"loc":{"start":{"line":45,"column":22},"end":{"line":45,"column":37}}},"4":{"name":"(anonymous_4)","line":58,"loc":{"start":{"line":58,"column":10},"end":{"line":58,"column":33}}},"5":{"name":"(anonymous_5)","line":63,"loc":{"start":{"line":63,"column":14},"end":{"line":63,"column":35}}}},"statementMap":{"1":{"start":{"line":1,"column":0},"end":{"line":1,"column":35}},"2":{"start":{"line":2,"column":0},"end":{"line":2,"column":35}},"3":{"start":{"line":4,"column":0},"end":{"line":4,"column":32}},"4":{"start":{"line":6,"column":0},"end":{"line":36,"column":1}},"5":{"start":{"line":7,"column":4},"end":{"line":7,"column":34}},"6":{"start":{"line":9,"column":4},"end":{"line":9,"column":34}},"7":{"start":{"line":10,"column":4},"end":{"line":10,"column":38}},"8":{"start":{"line":12,"column":4},"end":{"line":12,"column":36}},"9":{"start":{"line":13,"column":4},"end":{"line":13,"column":40}},"10":{"start":{"line":15,"column":4},"end":{"line":15,"column":34}},"11":{"start":{"line":16,"column":4},"end":{"line":16,"column":38}},"12":{"start":{"line":18,"column":4},"end":{"line":18,"column":38}},"13":{"start":{"line":19,"column":4},"end":{"line":19,"column":42}},"14":{"start":{"line":21,"column":4},"end":{"line":23,"column":5}},"15":{"start":{"line":22,"column":8},"end":{"line":22,"column":70}},"16":{"start":{"line":25,"column":4},"end":{"line":27,"column":5}},"17":{"start":{"line":26,"column":8},"end":{"line":26,"column":69}},"18":{"start":{"line":29,"column":4},"end":{"line":31,"column":5}},"19":{"start":{"line":30,"column":8},"end":{"line":30,"column":67}},"20":{"start":{"line":33,"column":4},"end":{"line":35,"column":5}},"21":{"start":{"line":34,"column":8},"end":{"line":34,"column":75}},"22":{"start":{"line":38,"column":0},"end":{"line":50,"column":1}},"23":{"start":{"line":39,"column":4},"end":{"line":39,"column":34}},"24":{"start":{"line":40,"column":4},"end":{"line":40,"column":40}},"25":{"start":{"line":41,"column":4},"end":{"line":41,"column":32}},"26":{"start":{"line":43,"column":4},"end":{"line":43,"column":50}},"27":{"start":{"line":45,"column":4},"end":{"line":49,"column":7}},"28":{"start":{"line":46,"column":8},"end":{"line":46,"column":53}},"29":{"start":{"line":47,"column":8},"end":{"line":47,"column":43}},"30":{"start":{"line":48,"column":8},"end":{"line":48,"column":27}},"31":{"start":{"line":52,"column":0},"end":{"line":79,"column":2}},"32":{"start":{"line":59,"column":8},"end":{"line":59,"column":41}},"33":{"start":{"line":60,"column":8},"end":{"line":60,"column":38}},"34":{"start":{"line":62,"column":8},"end":{"line":77,"column":11}},"35":{"start":{"line":64,"column":12},"end":{"line":64,"column":44}},"36":{"start":{"line":65,"column":12},"end":{"line":65,"column":54}},"37":{"start":{"line":67,"column":12},"end":{"line":67,"column":59}},"38":{"start":{"line":68,"column":12},"end":{"line":70,"column":13}},"39":{"start":{"line":69,"column":16},"end":{"line":69,"column":69}},"40":{"start":{"line":72,"column":12},"end":{"line":76,"column":13}},"41":{"start":{"line":73,"column":16},"end":{"line":73,"column":48}},"42":{"start":{"line":75,"column":16},"end":{"line":75,"column":38}}},"branchMap":{"1":{"line":21,"type":"if","locations":[{"start":{"line":21,"column":4},"end":{"line":21,"column":4}},{"start":{"line":21,"column":4},"end":{"line":21,"column":4}}]},"2":{"line":25,"type":"if","locations":[{"start":{"line":25,"column":4},"end":{"line":25,"column":4}},{"start":{"line":25,"column":4},"end":{"line":25,"column":4}}]},"3":{"line":29,"type":"if","locations":[{"start":{"line":29,"column":4},"end":{"line":29,"column":4}},{"start":{"line":29,"column":4},"end":{"line":29,"column":4}}]},"4":{"line":33,"type":"if","locations":[{"start":{"line":33,"column":4},"end":{"line":33,"column":4}},{"start":{"line":33,"column":4},"end":{"line":33,"column":4}}]},"5":{"line":68,"type":"if","locations":[{"start":{"line":68,"column":12},"end":{"line":68,"column":12}},{"start":{"line":68,"column":12},"end":{"line":68,"column":12}}]},"6":{"line":72,"type":"if","locations":[{"start":{"line":72,"column":12},"end":{"line":72,"column":12}},{"start":{"line":72,"column":12},"end":{"line":72,"column":12}}]}},"code":["var options = require('./options');","var getBook = require('./getBook');","","var Parse = require('../parse');","","function printBook(book) {","    var logger = book.getLogger();","","    var config = book.getConfig();","    var configFile = config.getFile();","","    var summary = book.getSummary();","    var summaryFile = summary.getFile();","","    var readme = book.getReadme();","    var readmeFile = readme.getFile();","","    var glossary = book.getGlossary();","    var glossaryFile = glossary.getFile();","","    if (configFile.exists()) {","        logger.info.ln('Configuration file is', configFile.getPath());","    }","","    if (readmeFile.exists()) {","        logger.info.ln('Introduction file is', readmeFile.getPath());","    }","","    if (glossaryFile.exists()) {","        logger.info.ln('Glossary file is', glossaryFile.getPath());","    }","","    if (summaryFile.exists()) {","        logger.info.ln('Table of Contents file is', summaryFile.getPath());","    }","}","","function printMultingualBook(book) {","    var logger = book.getLogger();","    var languages = book.getLanguages();","    var books = book.getBooks();","","    logger.info.ln(languages.size + ' languages');","","    languages.forEach(function(lang) {","        logger.info.ln('Language:', lang.getTitle());","        printBook(books.get(lang.getID()));","        logger.info.ln('');","    });","}","","module.exports = {","    name: 'parse [book]',","    description: 'parse and print debug information about a book',","    options: [","        options.log","    ],","    exec: function(args, kwargs) {","        var book = getBook(args, kwargs);","        var logger = book.getLogger();","","        return Parse.parseBook(book)","        .then(function(resultBook) {","            var rootFolder = book.getRoot();","            var contentFolder = book.getContentRoot();","","            logger.info.ln('Book located in:', rootFolder);","            if (contentFolder != rootFolder) {","                logger.info.ln('Content located in:', contentFolder);","            }","","            if (resultBook.isMultilingual()) {","                printMultingualBook(resultBook);","            } else {","                printBook(resultBook);","            }","        });","    }","};",""],"l":{"1":1,"2":1,"4":1,"6":1,"7":0,"9":0,"10":0,"12":0,"13":0,"15":0,"16":0,"18":0,"19":0,"21":0,"22":0,"25":0,"26":0,"29":0,"30":0,"33":0,"34":0,"38":1,"39":0,"40":0,"41":0,"43":0,"45":0,"46":0,"47":0,"48":0,"52":1,"59":0,"60":0,"62":0,"64":0,"65":0,"67":0,"68":0,"69":0,"72":0,"73":0,"75":0}},"/home/travis/build/npmtest/node-npmtest-gitbook/node_modules/gitbook/lib/cli/init.js":{"path":"/home/travis/build/npmtest/node-npmtest-gitbook/node_modules/gitbook/lib/cli/init.js","s":{"1":1,"2":1,"3":1,"4":1,"5":0,"6":0},"b":{"1":[0,0]},"f":{"1":0},"fnMap":{"1":{"name":"(anonymous_1)","line":12,"loc":{"start":{"line":12,"column":10},"end":{"line":12,"column":33}}}},"statementMap":{"1":{"start":{"line":1,"column":0},"end":{"line":1,"column":27}},"2":{"start":{"line":3,"column":0},"end":{"line":3,"column":35}},"3":{"start":{"line":4,"column":0},"end":{"line":4,"column":34}},"4":{"start":{"line":6,"column":0},"end":{"line":17,"column":2}},"5":{"start":{"line":13,"column":8},"end":{"line":13,"column":68}},"6":{"start":{"line":15,"column":8},"end":{"line":15,"column":34}}},"branchMap":{"1":{"line":13,"type":"binary-expr","locations":[{"start":{"line":13,"column":51},"end":{"line":13,"column":58}},{"start":{"line":13,"column":62},"end":{"line":13,"column":66}}]}},"code":["var path = require('path');","","var options = require('./options');","var initBook = require('../init');","","module.exports = {","    name: 'init [book]',","    description: 'setup and create files for chapters',","    options: [","        options.log","    ],","    exec: function(args, kwargs) {","        var bookRoot = path.resolve(process.cwd(), args[0] || './');","","        return initBook(bookRoot);","    }","};",""],"l":{"1":1,"3":1,"4":1,"6":1,"13":0,"15":0}},"/home/travis/build/npmtest/node-npmtest-gitbook/node_modules/gitbook/book.js":{"path":"/home/travis/build/npmtest/node-npmtest-gitbook/node_modules/gitbook/book.js","s":{"1":1,"2":1},"b":{},"f":{},"fnMap":{},"statementMap":{"1":{"start":{"line":1,"column":0},"end":{"line":1,"column":36}},"2":{"start":{"line":3,"column":0},"end":{"line":23,"column":2}}},"branchMap":{},"code":["var pkg = require('./package.json');","","module.exports = {","    // Documentation for GitBook is stored under \"docs\"","    root: './docs',","    title: 'GitBook Toolchain Documentation',","","    // Enforce use of GitBook v3","    gitbook: '3.1.1',","","    // Use the \"official\" theme","    plugins: ['theme-official@2.1.1', '-sharing', '-fontsettings', 'sitemap'],","","    variables: {","        version: pkg.version","    },","","    pluginsConfig: {","        sitemap: {","            hostname: 'https://toolchain.gitbook.com'","        }","    }","};",""],"l":{"1":1,"3":1}},"/home/travis/build/npmtest/node-npmtest-gitbook/node_modules/gitbook/bin/gitbook.js":{"path":"/home/travis/build/npmtest/node-npmtest-gitbook/node_modules/gitbook/bin/gitbook.js","s":{"1":1,"2":1,"3":1,"4":1},"b":{},"f":{},"fnMap":{},"statementMap":{"1":{"start":{"line":4,"column":0},"end":{"line":4,"column":34}},"2":{"start":{"line":6,"column":0},"end":{"line":6,"column":123}},"3":{"start":{"line":7,"column":0},"end":{"line":7,"column":96}},"4":{"start":{"line":8,"column":0},"end":{"line":8,"column":94}}},"branchMap":{},"code":["//#! /usr/bin/env node","/* eslint-disable no-console */","","var color = require('bash-color');","","console.log(color.red('You need to install \"gitbook-cli\" to have access to the gitbook command anywhere on your system.'));","console.log(color.red('If you\\'ve installed this package globally, you need to uninstall it.'));","console.log(color.red('>> Run \"npm uninstall -g gitbook\" then \"npm install -g gitbook-cli\"'));",""],"l":{"4":1,"6":1,"7":1,"8":1}},"/home/travis/build/npmtest/node-npmtest-gitbook/node_modules/gitbook/testing/setup.js":{"path":"/home/travis/build/npmtest/node-npmtest-gitbook/node_modules/gitbook/testing/setup.js","s":{"1":2,"2":2,"3":2,"4":2,"5":0,"6":0,"7":0,"8":0,"9":0,"10":0,"11":0,"12":0,"13":0,"14":0,"15":0,"16":0,"17":0,"18":0,"19":0,"20":0,"21":0,"22":0},"b":{"1":[0,0],"2":[0,0]},"f":{"1":0,"2":0,"3":0,"4":0,"5":0},"fnMap":{"1":{"name":"(anonymous_1)","line":12,"loc":{"start":{"line":12,"column":16},"end":{"line":12,"column":35}}},"2":{"name":"(anonymous_2)","line":24,"loc":{"start":{"line":24,"column":19},"end":{"line":24,"column":38}}},"3":{"name":"(anonymous_3)","line":40,"loc":{"start":{"line":40,"column":17},"end":{"line":40,"column":28}}},"4":{"name":"(anonymous_4)","line":51,"loc":{"start":{"line":51,"column":20},"end":{"line":51,"column":31}}},"5":{"name":"(anonymous_5)","line":64,"loc":{"start":{"line":64,"column":22},"end":{"line":64,"column":41}}}},"statementMap":{"1":{"start":{"line":1,"column":0},"end":{"line":1,"column":23}},"2":{"start":{"line":2,"column":0},"end":{"line":2,"column":27}},"3":{"start":{"line":3,"column":0},"end":{"line":3,"column":23}},"4":{"start":{"line":4,"column":0},"end":{"line":4,"column":31}},"5":{"start":{"line":5,"column":0},"end":{"line":5,"column":33}},"6":{"start":{"line":7,"column":0},"end":{"line":70,"column":3}},"7":{"start":{"line":13,"column":8},"end":{"line":13,"column":56}},"8":{"start":{"line":14,"column":8},"end":{"line":14,"column":45}},"9":{"start":{"line":16,"column":8},"end":{"line":21,"column":10}},"10":{"start":{"line":22,"column":8},"end":{"line":22,"column":20}},"11":{"start":{"line":25,"column":8},"end":{"line":25,"column":56}},"12":{"start":{"line":26,"column":8},"end":{"line":26,"column":45}},"13":{"start":{"line":28,"column":8},"end":{"line":33,"column":10}},"14":{"start":{"line":34,"column":8},"end":{"line":34,"column":20}},"15":{"start":{"line":41,"column":8},"end":{"line":44,"column":10}},"16":{"start":{"line":45,"column":8},"end":{"line":45,"column":20}},"17":{"start":{"line":52,"column":8},"end":{"line":56,"column":10}},"18":{"start":{"line":57,"column":8},"end":{"line":57,"column":20}},"19":{"start":{"line":65,"column":8},"end":{"line":65,"column":42}},"20":{"start":{"line":66,"column":8},"end":{"line":66,"column":30}},"21":{"start":{"line":68,"column":8},"end":{"line":68,"column":80}},"22":{"start":{"line":72,"column":0},"end":{"line":72,"column":23}}},"branchMap":{"1":{"line":42,"type":"binary-expr","locations":[{"start":{"line":42,"column":14},"end":{"line":42,"column":39}},{"start":{"line":42,"column":43},"end":{"line":42,"column":63}}]},"2":{"line":53,"type":"binary-expr","locations":[{"start":{"line":53,"column":13},"end":{"line":53,"column":38}},{"start":{"line":53,"column":42},"end":{"line":53,"column":62}}]}},"code":["var is = require('is');","var path = require('path');","var fs = require('fs');","var expect = require('expect');","var cheerio = require('cheerio');","","expect.extend({","    /**","     * Check that a file is created in a directory:","     * expect('myFolder').toHaveFile('hello.md');","     */","    toHaveFile: function(fileName) {","        var filePath = path.join(this.actual, fileName);","        var exists = fs.existsSync(filePath);","","        expect.assert(","            exists,","            'expected %s to have file %s',","            this.actual,","            fileName","        );","        return this;","    },","    toNotHaveFile: function(fileName) {","        var filePath = path.join(this.actual, fileName);","        var exists = fs.existsSync(filePath);","","        expect.assert(","            !exists,","            'expected %s to not have file %s',","            this.actual,","            fileName","        );","        return this;","    },","","    /**","     * Check that a value is defined (not null nor undefined)","     */","    toBeDefined: function() {","        expect.assert(","            !(is.undefined(this.actual) || is.null(this.actual)),","            'expected to be defined'","        );","        return this;","    },","","    /**","     * Check that a value is defined (not null nor undefined)","     */","    toNotBeDefined: function() {","        expect.assert(","            (is.undefined(this.actual) || is.null(this.actual)),","            'expected %s to be not defined',","            this.actual","        );","        return this;","    },","","    /**","     * Check that a dom element exists in HTML","     * @param {String} selector","     */","    toHaveDOMElement: function(selector) {","        var $ = cheerio.load(this.actual);","        var $el = $(selector);","","        expect.assert($el.length > 0, 'expected HTML to contains %s', selector);","    }","});","","global.expect = expect;",""],"l":{"1":2,"2":2,"3":2,"4":2,"5":0,"7":0,"13":0,"14":0,"16":0,"22":0,"25":0,"26":0,"28":0,"34":0,"41":0,"45":0,"52":0,"57":0,"65":0,"66":0,"68":0,"72":0}},"/home/travis/build/npmtest/node-npmtest-gitbook/node_modules/gitbook/lib/constants/pluginHooks.js":{"path":"/home/travis/build/npmtest/node-npmtest-gitbook/node_modules/gitbook/lib/constants/pluginHooks.js","s":{"1":1},"b":{},"f":{},"fnMap":{},"statementMap":{"1":{"start":{"line":1,"column":0},"end":{"line":8,"column":2}}},"branchMap":{},"code":["module.exports = [","    'init',","    'finish',","    'finish:before',","    'config',","    'page',","    'page:before'","];",""],"l":{"1":1}},"/home/travis/build/npmtest/node-npmtest-gitbook/node_modules/gitbook/lib/plugins/toNames.js":{"path":"/home/travis/build/npmtest/node-npmtest-gitbook/node_modules/gitbook/lib/plugins/toNames.js","s":{"1":1,"2":0,"3":0,"4":1},"b":{},"f":{"1":0,"2":0},"fnMap":{"1":{"name":"toNames","line":8,"loc":{"start":{"line":8,"column":0},"end":{"line":8,"column":26}}},"2":{"name":"(anonymous_2)","line":10,"loc":{"start":{"line":10,"column":13},"end":{"line":10,"column":30}}}},"statementMap":{"1":{"start":{"line":8,"column":0},"end":{"line":14,"column":1}},"2":{"start":{"line":9,"column":4},"end":{"line":13,"column":19}},"3":{"start":{"line":11,"column":12},"end":{"line":11,"column":36}},"4":{"start":{"line":16,"column":0},"end":{"line":16,"column":25}}},"branchMap":{},"code":["","/**"," * Return list of plugin names. This method is nly used in unit tests."," *"," * @param {OrderedMap<String:Plugin} plugins"," * @return {Array<String>}"," */","function toNames(plugins) {","    return plugins","        .map(function(plugin) {","            return plugin.getName();","        })","        .toArray();","}","","module.exports = toNames;",""],"l":{"8":1,"9":0,"11":0,"16":1}}}